#
# There is insufficient memory for the Java Runtime Environment to continue.
# Native memory allocation (mmap) failed to map 794820608 bytes for G1 virtual space
# Possible reasons:
#   The system is out of physical RAM or swap space
#   The process is running with CompressedOops enabled, and the Java Heap may be blocking the growth of the native heap
# Possible solutions:
#   Reduce memory load on the system
#   Increase physical memory or swap space
#   Check if swap backing store is full
#   Decrease Java heap size (-Xmx/-Xms)
#   Decrease number of Java threads
#   Decrease Java thread stack sizes (-Xss)
#   Set larger code cache with -XX:ReservedCodeCacheSize=
#   JVM is running with Zero Based Compressed Oops mode in which the Java heap is
#     placed in the first 32GB address space. The Java Heap base address is the
#     maximum limit for the native heap growth. Please use -XX:HeapBaseMinAddress
#     to set the Java Heap base and to place the Java Heap above 32GB virtual address.
# This output file may be truncated or incomplete.
#
#  Out of Memory Error (os_windows.cpp:3550), pid=22944, tid=28344
#
# JRE version: Java(TM) SE Runtime Environment (17.0.6+9) (build 17.0.6+9-LTS-190)
# Java VM: Java HotSpot(TM) 64-Bit Server VM (17.0.6+9-LTS-190, mixed mode, sharing, tiered, compressed oops, compressed class ptrs, g1 gc, windows-amd64)
# No core dump will be written. Minidumps are not enabled by default on client versions of Windows
#

---------------  S U M M A R Y ------------

Command Line: --module-path=E:\Java 17.01\javafx-sdk-17.0.0.1\lib --add-modules=javafx.controls,javafx.fxml -Dfile.encoding=UTF-8 --module-path=C:\Users\ASUS\.p2\pool\plugins\org.eclipse.fx.ide.css.jfx8_3.8.0.202204150904.jar;E:\Java 17.01\javafx-sdk-17.0.0.1\lib\javafx.base.jar;E:\Java 17.01\javafx-sdk-17.0.0.1\lib\javafx.controls.jar;E:\Java 17.01\javafx-sdk-17.0.0.1\lib\javafx.fxml.jar;E:\Java 17.01\javafx-sdk-17.0.0.1\lib\javafx.graphics.jar;E:\Java 17.01\javafx-sdk-17.0.0.1\lib\javafx.media.jar;E:\Java 17.01\javafx-sdk-17.0.0.1\lib\javafx.swing.jar;E:\Java 17.01\javafx-sdk-17.0.0.1\lib\javafx.web.jar;E:\Java 17.01\javafx-sdk-17.0.0.1\lib\javafx-swt.jar -XX:+ShowCodeDetailsInExceptionMessages Martyrs.Driver

Host: Intel(R) Core(TM) i7-1065G7 CPU @ 1.30GHz, 8 cores, 11G,  Windows 11 , 64 bit Build 22621 (10.0.22621.1635)
Time: Fri May 12 00:47:39 2023 Jerusalem Daylight Time elapsed time: 12.365555 seconds (0d 0h 0m 12s)

---------------  T H R E A D  ---------------

Current thread (0x00000197bf21dcd0):  VMThread "VM Thread" [stack: 0x0000007d28200000,0x0000007d28300000] [id=28344]

Stack: [0x0000007d28200000,0x0000007d28300000]
Native frames: (J=compiled Java code, j=interpreted, Vv=VM code, C=native code)
V  [jvm.dll+0x6734ea]
V  [jvm.dll+0x7d18f4]
V  [jvm.dll+0x7d309e]
V  [jvm.dll+0x7d3703]
V  [jvm.dll+0x2433c5]
V  [jvm.dll+0x6703f9]
V  [jvm.dll+0x664d32]
V  [jvm.dll+0x300086]
V  [jvm.dll+0x307606]
V  [jvm.dll+0x356c1e]
V  [jvm.dll+0x356e4f]
V  [jvm.dll+0x2d72e8]
V  [jvm.dll+0x2d57e5]
V  [jvm.dll+0x2d4dec]
V  [jvm.dll+0x31837b]
V  [jvm.dll+0x7d7f0b]
V  [jvm.dll+0x7d8c44]
V  [jvm.dll+0x7d915d]
V  [jvm.dll+0x7d9534]
V  [jvm.dll+0x7d9600]
V  [jvm.dll+0x781a7a]
V  [jvm.dll+0x672375]
C  [ucrtbase.dll+0x29363]
C  [KERNEL32.DLL+0x126ad]
C  [ntdll.dll+0x5a9f8]

VM_Operation (0x0000007d294fb9f0): G1CollectForAllocation, mode: safepoint, requested by thread 0x00000197c03f3ae0


---------------  P R O C E S S  ---------------

Threads class SMR info:
_java_thread_list=0x00000197d0a83530, length=19, elements={
0x000001979cd3cf20, 0x00000197bf221f00, 0x00000197bf223250, 0x00000197bf2381d0,
0x00000197bf238d80, 0x00000197bf23b840, 0x00000197bf23c1f0, 0x00000197bf23ced0,
0x00000197bfc20890, 0x00000197bfc22db0, 0x000001979ce087d0, 0x00000197c03b8ed0,
0x00000197c0156110, 0x00000197c0614ac0, 0x00000197c03f3ae0, 0x00000197c0779d70,
0x00000197c068ef80, 0x00000197c0d86000, 0x00000197c9018820
}

Java Threads: ( => current thread )
  0x000001979cd3cf20 JavaThread "main" [_thread_blocked, id=18508, stack(0x0000007d27c00000,0x0000007d27d00000)]
  0x00000197bf221f00 JavaThread "Reference Handler" daemon [_thread_blocked, id=18444, stack(0x0000007d28300000,0x0000007d28400000)]
  0x00000197bf223250 JavaThread "Finalizer" daemon [_thread_blocked, id=11208, stack(0x0000007d28400000,0x0000007d28500000)]
  0x00000197bf2381d0 JavaThread "Signal Dispatcher" daemon [_thread_blocked, id=25116, stack(0x0000007d28500000,0x0000007d28600000)]
  0x00000197bf238d80 JavaThread "Attach Listener" daemon [_thread_blocked, id=24360, stack(0x0000007d28600000,0x0000007d28700000)]
  0x00000197bf23b840 JavaThread "Service Thread" daemon [_thread_blocked, id=156, stack(0x0000007d28700000,0x0000007d28800000)]
  0x00000197bf23c1f0 JavaThread "Monitor Deflation Thread" daemon [_thread_blocked, id=17180, stack(0x0000007d28800000,0x0000007d28900000)]
  0x00000197bf23ced0 JavaThread "C2 CompilerThread0" daemon [_thread_blocked, id=11092, stack(0x0000007d28900000,0x0000007d28a00000)]
  0x00000197bfc20890 JavaThread "C1 CompilerThread0" daemon [_thread_blocked, id=19244, stack(0x0000007d28a00000,0x0000007d28b00000)]
  0x00000197bfc22db0 JavaThread "Sweeper thread" daemon [_thread_blocked, id=28076, stack(0x0000007d28b00000,0x0000007d28c00000)]
  0x000001979ce087d0 JavaThread "Common-Cleaner" daemon [_thread_blocked, id=3564, stack(0x0000007d28c00000,0x0000007d28d00000)]
  0x00000197c03b8ed0 JavaThread "Notification Thread" daemon [_thread_blocked, id=26448, stack(0x0000007d28f00000,0x0000007d29000000)]
  0x00000197c0156110 JavaThread "QuantumRenderer-0" daemon [_thread_blocked, id=27244, stack(0x0000007d29100000,0x0000007d29200000)]
  0x00000197c0614ac0 JavaThread "InvokeLaterDispatcher" daemon [_thread_blocked, id=12748, stack(0x0000007d29300000,0x0000007d29400000)]
  0x00000197c03f3ae0 JavaThread "JavaFX Application Thread" [_thread_blocked, id=26172, stack(0x0000007d29400000,0x0000007d29500000)]
  0x00000197c0779d70 JavaThread "JavaFX-Launcher" [_thread_blocked, id=22824, stack(0x0000007d29900000,0x0000007d29a00000)]
  0x00000197c068ef80 JavaThread "Thread-2" daemon [_thread_blocked, id=11900, stack(0x0000007d29800000,0x0000007d29900000)]
  0x00000197c0d86000 JavaThread "Prism Font Disposer" daemon [_thread_blocked, id=24236, stack(0x0000007d2a100000,0x0000007d2a200000)]
  0x00000197c9018820 JavaThread "Cleaner-0" daemon [_thread_blocked, id=28216, stack(0x0000007d2a200000,0x0000007d2a300000)]

Other Threads:
=>0x00000197bf21dcd0 VMThread "VM Thread" [stack: 0x0000007d28200000,0x0000007d28300000] [id=28344]
  0x00000197c040af10 WatcherThread [stack: 0x0000007d29000000,0x0000007d29100000] [id=5568]
  0x000001979cd953f0 GCTaskThread "GC Thread#0" [stack: 0x0000007d27d00000,0x0000007d27e00000] [id=24548]
  0x00000197c08b4d50 GCTaskThread "GC Thread#1" [stack: 0x0000007d28e00000,0x0000007d28f00000] [id=28512]
  0x00000197c08b86b0 GCTaskThread "GC Thread#2" [stack: 0x0000007d29a00000,0x0000007d29b00000] [id=20120]
  0x00000197c08b8960 GCTaskThread "GC Thread#3" [stack: 0x0000007d29b00000,0x0000007d29c00000] [id=25192]
  0x00000197c08b8c10 GCTaskThread "GC Thread#4" [stack: 0x0000007d29c00000,0x0000007d29d00000] [id=7520]
  0x00000197c08b9ae0 GCTaskThread "GC Thread#5" [stack: 0x0000007d29d00000,0x0000007d29e00000] [id=3404]
  0x00000197bfc1f3a0 GCTaskThread "GC Thread#6" [stack: 0x0000007d2b900000,0x0000007d2ba00000] [id=27344]
  0x00000197bfc1f0f0 GCTaskThread "GC Thread#7" [stack: 0x0000007d2ba00000,0x0000007d2bb00000] [id=28132]
  0x000001979cda1f30 ConcurrentGCThread "G1 Main Marker" [stack: 0x0000007d27e00000,0x0000007d27f00000] [id=23080]
  0x000001979cda3950 ConcurrentGCThread "G1 Conc#0" [stack: 0x0000007d27f00000,0x0000007d28000000] [id=27780]
  0x00000197bf0f14c0 ConcurrentGCThread "G1 Refine#0" [stack: 0x0000007d28000000,0x0000007d28100000] [id=16676]
  0x00000197c1379560 ConcurrentGCThread "G1 Refine#1" [stack: 0x0000007d2bb00000,0x0000007d2bc00000] [id=28592]
  0x000001979cdf5740 ConcurrentGCThread "G1 Service" [stack: 0x0000007d28100000,0x0000007d28200000] [id=12484]

Threads with active compile tasks:

VM state: at safepoint (normal execution)

VM Mutex/Monitor currently owned by a thread:  ([mutex/lock_event])
[0x000001979cd385b0] Threads_lock - owner thread: 0x00000197bf21dcd0
[0x000001979cd39450] Heap_lock - owner thread: 0x00000197c03f3ae0

Heap address: 0x0000000744000000, size: 3008 MB, Compressed Oops mode: Zero based, Oop shift amount: 3

CDS archive(s) mapped at: [0x0000000800000000-0x0000000800bd0000-0x0000000800bd0000), size 12386304, SharedBaseAddress: 0x0000000800000000, ArchiveRelocationMode: 0.
Compressed class space mapped at: 0x0000000800c00000-0x0000000840c00000, reserved size: 1073741824
Narrow klass base: 0x0000000800000000, Narrow klass shift: 0, Narrow klass range: 0x100000000

GC Precious Log:
 CPUs: 8 total, 8 available
 Memory: 12026M
 Large Page Support: Disabled
 NUMA Support: Disabled
 Compressed Oops: Enabled (Zero based)
 Heap Region Size: 2M
 Heap Min Capacity: 8M
 Heap Initial Capacity: 188M
 Heap Max Capacity: 3008M
 Pre-touch: Disabled
 Parallel Workers: 8
 Concurrent Workers: 2
 Concurrent Refinement Workers: 8
 Periodic GC: Disabled

Heap:
 garbage-first heap   total 493568K, used 17348K [0x0000000744000000, 0x0000000800000000)
  region size 2048K, 4 young (8192K), 4 survivors (8192K)
 Metaspace       used 11446K, committed 11648K, reserved 1064960K
  class space    used 1531K, committed 1664K, reserved 1048576K

Heap Regions: E=young(eden), S=young(survivor), O=old, HS=humongous(starts), HC=humongous(continues), CS=collection set, F=free, OA=open archive, CA=closed archive, TAMS=top-at-mark-start (previous, next)
|   0|0x0000000744000000, 0x0000000744200000, 0x0000000744200000|100%|HS|  |TAMS 0x0000000744000000, 0x0000000744000000| Complete 
|   1|0x0000000744200000, 0x0000000744400000, 0x0000000744400000|100%|HS|  |TAMS 0x0000000744200000, 0x0000000744200000| Complete 
|   2|0x0000000744400000, 0x0000000744600000, 0x0000000744600000|100%| O|  |TAMS 0x0000000744400000, 0x0000000744400000| Untracked 
|   3|0x0000000744600000, 0x0000000744800000, 0x0000000744800000|100%|HS|  |TAMS 0x0000000744600000, 0x0000000744600000| Complete 
|   4|0x0000000744800000, 0x0000000744a00000, 0x0000000744a00000|100%| O|  |TAMS 0x0000000744800000, 0x0000000744800000| Untracked 
|   5|0x0000000744a00000, 0x0000000744a51600, 0x0000000744c00000| 15%| O|  |TAMS 0x0000000744a00000, 0x0000000744a00000| Untracked 
|   6|0x0000000744c00000, 0x0000000744c00000, 0x0000000744e00000|  0%| F|  |TAMS 0x0000000744c00000, 0x0000000744c00000| Untracked 
|   7|0x0000000744e00000, 0x0000000744e00000, 0x0000000745000000|  0%| F|  |TAMS 0x0000000744e00000, 0x0000000744e00000| Untracked 
|   8|0x0000000745000000, 0x0000000745000000, 0x0000000745200000|  0%| F|  |TAMS 0x0000000745000000, 0x0000000745000000| Untracked 
|   9|0x0000000745200000, 0x0000000745200000, 0x0000000745400000|  0%| F|  |TAMS 0x0000000745200000, 0x0000000745200000| Untracked 
|  10|0x0000000745400000, 0x0000000745400000, 0x0000000745600000|  0%| F|  |TAMS 0x0000000745400000, 0x0000000745400000| Untracked 
|  11|0x0000000745600000, 0x0000000745600000, 0x0000000745800000|  0%| F|  |TAMS 0x0000000745600000, 0x0000000745600000| Untracked 
|  12|0x0000000745800000, 0x0000000745800000, 0x0000000745a00000|  0%| F|  |TAMS 0x0000000745800000, 0x0000000745800000| Untracked 
|  13|0x0000000745a00000, 0x0000000745a00000, 0x0000000745c00000|  0%| F|  |TAMS 0x0000000745a00000, 0x0000000745a00000| Untracked 
|  14|0x0000000745c00000, 0x0000000745c00000, 0x0000000745e00000|  0%| F|  |TAMS 0x0000000745c00000, 0x0000000745c00000| Untracked 
|  15|0x0000000745e00000, 0x0000000745e00000, 0x0000000746000000|  0%| F|  |TAMS 0x0000000745e00000, 0x0000000745e00000| Untracked 
|  16|0x0000000746000000, 0x0000000746000000, 0x0000000746200000|  0%| F|  |TAMS 0x0000000746000000, 0x0000000746000000| Untracked 
|  17|0x0000000746200000, 0x0000000746200000, 0x0000000746400000|  0%| F|  |TAMS 0x0000000746200000, 0x0000000746200000| Untracked 
|  18|0x0000000746400000, 0x0000000746400000, 0x0000000746600000|  0%| F|  |TAMS 0x0000000746400000, 0x0000000746400000| Untracked 
|  19|0x0000000746600000, 0x0000000746600000, 0x0000000746800000|  0%| F|  |TAMS 0x0000000746600000, 0x0000000746600000| Untracked 
|  20|0x0000000746800000, 0x0000000746800000, 0x0000000746a00000|  0%| F|  |TAMS 0x0000000746800000, 0x0000000746800000| Untracked 
|  21|0x0000000746a00000, 0x0000000746a00000, 0x0000000746c00000|  0%| F|  |TAMS 0x0000000746a00000, 0x0000000746a00000| Untracked 
|  22|0x0000000746c00000, 0x0000000746c00000, 0x0000000746e00000|  0%| F|  |TAMS 0x0000000746c00000, 0x0000000746c00000| Untracked 
|  23|0x0000000746e00000, 0x0000000746e00000, 0x0000000747000000|  0%| F|  |TAMS 0x0000000746e00000, 0x0000000746e00000| Untracked 
|  24|0x0000000747000000, 0x0000000747000000, 0x0000000747200000|  0%| F|  |TAMS 0x0000000747000000, 0x0000000747000000| Untracked 
|  25|0x0000000747200000, 0x0000000747200000, 0x0000000747400000|  0%| F|  |TAMS 0x0000000747200000, 0x0000000747200000| Untracked 
|  26|0x0000000747400000, 0x0000000747400000, 0x0000000747600000|  0%| F|  |TAMS 0x0000000747400000, 0x0000000747400000| Untracked 
|  27|0x0000000747600000, 0x0000000747600000, 0x0000000747800000|  0%| F|  |TAMS 0x0000000747600000, 0x0000000747600000| Untracked 
|  28|0x0000000747800000, 0x0000000747800000, 0x0000000747a00000|  0%| F|  |TAMS 0x0000000747800000, 0x0000000747800000| Untracked 
|  29|0x0000000747a00000, 0x0000000747a00000, 0x0000000747c00000|  0%| F|  |TAMS 0x0000000747a00000, 0x0000000747a00000| Untracked 
|  30|0x0000000747c00000, 0x0000000747c00000, 0x0000000747e00000|  0%| F|  |TAMS 0x0000000747c00000, 0x0000000747c00000| Untracked 
|  31|0x0000000747e00000, 0x0000000747e00000, 0x0000000748000000|  0%| F|  |TAMS 0x0000000747e00000, 0x0000000747e00000| Untracked 
|  32|0x0000000748000000, 0x0000000748000000, 0x0000000748200000|  0%| F|  |TAMS 0x0000000748000000, 0x0000000748000000| Untracked 
|  33|0x0000000748200000, 0x0000000748200000, 0x0000000748400000|  0%| F|  |TAMS 0x0000000748200000, 0x0000000748200000| Untracked 
|  34|0x0000000748400000, 0x0000000748400000, 0x0000000748600000|  0%| F|  |TAMS 0x0000000748400000, 0x0000000748400000| Untracked 
|  35|0x0000000748600000, 0x0000000748600000, 0x0000000748800000|  0%| F|  |TAMS 0x0000000748600000, 0x0000000748600000| Untracked 
|  36|0x0000000748800000, 0x0000000748800000, 0x0000000748a00000|  0%| F|  |TAMS 0x0000000748800000, 0x0000000748800000| Untracked 
|  37|0x0000000748a00000, 0x0000000748a00000, 0x0000000748c00000|  0%| F|  |TAMS 0x0000000748a00000, 0x0000000748a00000| Untracked 
|  38|0x0000000748c00000, 0x0000000748c00000, 0x0000000748e00000|  0%| F|  |TAMS 0x0000000748c00000, 0x0000000748c00000| Untracked 
|  39|0x0000000748e00000, 0x0000000748e00000, 0x0000000749000000|  0%| F|  |TAMS 0x0000000748e00000, 0x0000000748e00000| Untracked 
|  40|0x0000000749000000, 0x0000000749000000, 0x0000000749200000|  0%| F|  |TAMS 0x0000000749000000, 0x0000000749000000| Untracked 
|  41|0x0000000749200000, 0x0000000749200000, 0x0000000749400000|  0%| F|  |TAMS 0x0000000749200000, 0x0000000749200000| Untracked 
|  42|0x0000000749400000, 0x0000000749400000, 0x0000000749600000|  0%| F|  |TAMS 0x0000000749400000, 0x0000000749400000| Untracked 
|  43|0x0000000749600000, 0x0000000749600000, 0x0000000749800000|  0%| F|  |TAMS 0x0000000749600000, 0x0000000749600000| Untracked 
|  44|0x0000000749800000, 0x0000000749800000, 0x0000000749a00000|  0%| F|  |TAMS 0x0000000749800000, 0x0000000749800000| Untracked 
|  45|0x0000000749a00000, 0x0000000749a00000, 0x0000000749c00000|  0%| F|  |TAMS 0x0000000749a00000, 0x0000000749a00000| Untracked 
|  46|0x0000000749c00000, 0x0000000749c00000, 0x0000000749e00000|  0%| F|  |TAMS 0x0000000749c00000, 0x0000000749c00000| Untracked 
|  47|0x0000000749e00000, 0x0000000749e00000, 0x000000074a000000|  0%| F|  |TAMS 0x0000000749e00000, 0x0000000749e00000| Untracked 
|  48|0x000000074a000000, 0x000000074a000000, 0x000000074a200000|  0%| F|  |TAMS 0x000000074a000000, 0x000000074a000000| Untracked 
|  49|0x000000074a200000, 0x000000074a200000, 0x000000074a400000|  0%| F|  |TAMS 0x000000074a200000, 0x000000074a200000| Untracked 
|  50|0x000000074a400000, 0x000000074a400000, 0x000000074a600000|  0%| F|  |TAMS 0x000000074a400000, 0x000000074a400000| Untracked 
|  51|0x000000074a600000, 0x000000074a600000, 0x000000074a800000|  0%| F|  |TAMS 0x000000074a600000, 0x000000074a600000| Untracked 
|  52|0x000000074a800000, 0x000000074a800000, 0x000000074aa00000|  0%| F|  |TAMS 0x000000074a800000, 0x000000074a800000| Untracked 
|  53|0x000000074aa00000, 0x000000074aa00000, 0x000000074ac00000|  0%| F|  |TAMS 0x000000074aa00000, 0x000000074aa00000| Untracked 
|  54|0x000000074ac00000, 0x000000074ac00000, 0x000000074ae00000|  0%| F|  |TAMS 0x000000074ac00000, 0x000000074ac00000| Untracked 
|  55|0x000000074ae00000, 0x000000074ae00000, 0x000000074b000000|  0%| F|  |TAMS 0x000000074ae00000, 0x000000074ae00000| Untracked 
|  56|0x000000074b000000, 0x000000074b000000, 0x000000074b200000|  0%| F|  |TAMS 0x000000074b000000, 0x000000074b000000| Untracked 
|  57|0x000000074b200000, 0x000000074b200000, 0x000000074b400000|  0%| F|  |TAMS 0x000000074b200000, 0x000000074b200000| Untracked 
|  58|0x000000074b400000, 0x000000074b400000, 0x000000074b600000|  0%| F|  |TAMS 0x000000074b400000, 0x000000074b400000| Untracked 
|  59|0x000000074b600000, 0x000000074b600000, 0x000000074b800000|  0%| F|  |TAMS 0x000000074b600000, 0x000000074b600000| Untracked 
|  60|0x000000074b800000, 0x000000074b800000, 0x000000074ba00000|  0%| F|  |TAMS 0x000000074b800000, 0x000000074b800000| Untracked 
|  61|0x000000074ba00000, 0x000000074ba00000, 0x000000074bc00000|  0%| F|  |TAMS 0x000000074ba00000, 0x000000074ba00000| Untracked 
|  62|0x000000074bc00000, 0x000000074bc00000, 0x000000074be00000|  0%| F|  |TAMS 0x000000074bc00000, 0x000000074bc00000| Untracked 
|  63|0x000000074be00000, 0x000000074be00000, 0x000000074c000000|  0%| F|  |TAMS 0x000000074be00000, 0x000000074be00000| Untracked 
|  64|0x000000074c000000, 0x000000074c000000, 0x000000074c200000|  0%| F|  |TAMS 0x000000074c000000, 0x000000074c000000| Untracked 
|  65|0x000000074c200000, 0x000000074c200000, 0x000000074c400000|  0%| F|  |TAMS 0x000000074c200000, 0x000000074c200000| Untracked 
|  66|0x000000074c400000, 0x000000074c400000, 0x000000074c600000|  0%| F|  |TAMS 0x000000074c400000, 0x000000074c400000| Untracked 
|  67|0x000000074c600000, 0x000000074c600000, 0x000000074c800000|  0%| F|  |TAMS 0x000000074c600000, 0x000000074c600000| Untracked 
|  68|0x000000074c800000, 0x000000074c800000, 0x000000074ca00000|  0%| F|  |TAMS 0x000000074c800000, 0x000000074c800000| Untracked 
|  69|0x000000074ca00000, 0x000000074ca00000, 0x000000074cc00000|  0%| F|  |TAMS 0x000000074ca00000, 0x000000074ca00000| Untracked 
|  70|0x000000074cc00000, 0x000000074cc00000, 0x000000074ce00000|  0%| F|  |TAMS 0x000000074cc00000, 0x000000074cc00000| Untracked 
|  71|0x000000074ce00000, 0x000000074ce00000, 0x000000074d000000|  0%| F|  |TAMS 0x000000074ce00000, 0x000000074ce00000| Untracked 
|  72|0x000000074d000000, 0x000000074d000000, 0x000000074d200000|  0%| F|  |TAMS 0x000000074d000000, 0x000000074d000000| Untracked 
|  73|0x000000074d200000, 0x000000074d200000, 0x000000074d400000|  0%| F|  |TAMS 0x000000074d200000, 0x000000074d200000| Untracked 
|  74|0x000000074d400000, 0x000000074d400000, 0x000000074d600000|  0%| F|  |TAMS 0x000000074d400000, 0x000000074d400000| Untracked 
|  75|0x000000074d600000, 0x000000074d600000, 0x000000074d800000|  0%| F|  |TAMS 0x000000074d600000, 0x000000074d600000| Untracked 
|  76|0x000000074d800000, 0x000000074d800000, 0x000000074da00000|  0%| F|  |TAMS 0x000000074d800000, 0x000000074d800000| Untracked 
|  77|0x000000074da00000, 0x000000074da00000, 0x000000074dc00000|  0%| F|  |TAMS 0x000000074da00000, 0x000000074da00000| Untracked 
|  78|0x000000074dc00000, 0x000000074dc00000, 0x000000074de00000|  0%| F|  |TAMS 0x000000074dc00000, 0x000000074dc00000| Untracked 
|  79|0x000000074de00000, 0x000000074de00000, 0x000000074e000000|  0%| F|  |TAMS 0x000000074de00000, 0x000000074de00000| Untracked 
|  80|0x000000074e000000, 0x000000074e000000, 0x000000074e200000|  0%| F|  |TAMS 0x000000074e000000, 0x000000074e000000| Untracked 
|  81|0x000000074e200000, 0x000000074e200000, 0x000000074e400000|  0%| F|  |TAMS 0x000000074e200000, 0x000000074e200000| Untracked 
|  82|0x000000074e400000, 0x000000074e400000, 0x000000074e600000|  0%| F|  |TAMS 0x000000074e400000, 0x000000074e400000| Untracked 
|  83|0x000000074e600000, 0x000000074e600000, 0x000000074e800000|  0%| F|  |TAMS 0x000000074e600000, 0x000000074e600000| Untracked 
|  84|0x000000074e800000, 0x000000074e800000, 0x000000074ea00000|  0%| F|  |TAMS 0x000000074e800000, 0x000000074e800000| Untracked 
|  85|0x000000074ea00000, 0x000000074ea00000, 0x000000074ec00000|  0%| F|  |TAMS 0x000000074ea00000, 0x000000074ea00000| Untracked 
|  86|0x000000074ec00000, 0x000000074ec00000, 0x000000074ee00000|  0%| F|  |TAMS 0x000000074ec00000, 0x000000074ec00000| Untracked 
|  87|0x000000074ee00000, 0x000000074ee00000, 0x000000074f000000|  0%| F|  |TAMS 0x000000074ee00000, 0x000000074ee00000| Untracked 
|  88|0x000000074f000000, 0x000000074f000000, 0x000000074f200000|  0%| F|  |TAMS 0x000000074f000000, 0x000000074f000000| Untracked 
|  89|0x000000074f200000, 0x000000074f200000, 0x000000074f400000|  0%| F|  |TAMS 0x000000074f200000, 0x000000074f200000| Untracked 
|  90|0x000000074f400000, 0x000000074f400000, 0x000000074f600000|  0%| F|  |TAMS 0x000000074f400000, 0x000000074f400000| Untracked 
|  91|0x000000074f600000, 0x000000074f600000, 0x000000074f800000|  0%| F|  |TAMS 0x000000074f600000, 0x000000074f600000| Untracked 
|  92|0x000000074f800000, 0x000000074f800000, 0x000000074fa00000|  0%| F|  |TAMS 0x000000074f800000, 0x000000074f800000| Untracked 
|  93|0x000000074fa00000, 0x000000074fa9fd50, 0x000000074fc00000| 31%| S|CS|TAMS 0x000000074fa00000, 0x000000074fa00000| Complete 
|  94|0x000000074fc00000, 0x000000074fe00000, 0x000000074fe00000|100%| S|CS|TAMS 0x000000074fc00000, 0x000000074fc00000| Complete 
|  95|0x000000074fe00000, 0x0000000750000000, 0x0000000750000000|100%| S|CS|TAMS 0x000000074fe00000, 0x000000074fe00000| Complete 
|  96|0x0000000750000000, 0x0000000750200000, 0x0000000750200000|100%| S|CS|TAMS 0x0000000750000000, 0x0000000750000000| Complete 
|  97|0x0000000750200000, 0x0000000750200000, 0x0000000750400000|  0%| F|  |TAMS 0x0000000750200000, 0x0000000750200000| Untracked 
|  98|0x0000000750400000, 0x0000000750400000, 0x0000000750600000|  0%| F|  |TAMS 0x0000000750400000, 0x0000000750400000| Untracked 
|  99|0x0000000750600000, 0x0000000750600000, 0x0000000750800000|  0%| F|  |TAMS 0x0000000750600000, 0x0000000750600000| Untracked 
| 100|0x0000000750800000, 0x0000000750800000, 0x0000000750a00000|  0%| F|  |TAMS 0x0000000750800000, 0x0000000750800000| Untracked 
| 101|0x0000000750a00000, 0x0000000750a00000, 0x0000000750c00000|  0%| F|  |TAMS 0x0000000750a00000, 0x0000000750a00000| Untracked 
| 102|0x0000000750c00000, 0x0000000750c00000, 0x0000000750e00000|  0%| F|  |TAMS 0x0000000750c00000, 0x0000000750c00000| Untracked 
| 103|0x0000000750e00000, 0x0000000750e00000, 0x0000000751000000|  0%| F|  |TAMS 0x0000000750e00000, 0x0000000750e00000| Untracked 
| 104|0x0000000751000000, 0x0000000751000000, 0x0000000751200000|  0%| F|  |TAMS 0x0000000751000000, 0x0000000751000000| Untracked 
| 105|0x0000000751200000, 0x0000000751200000, 0x0000000751400000|  0%| F|  |TAMS 0x0000000751200000, 0x0000000751200000| Untracked 
| 106|0x0000000751400000, 0x0000000751400000, 0x0000000751600000|  0%| F|  |TAMS 0x0000000751400000, 0x0000000751400000| Untracked 
| 107|0x0000000751600000, 0x0000000751600000, 0x0000000751800000|  0%| F|  |TAMS 0x0000000751600000, 0x0000000751600000| Untracked 
| 108|0x0000000751800000, 0x0000000751800000, 0x0000000751a00000|  0%| F|  |TAMS 0x0000000751800000, 0x0000000751800000| Untracked 
| 109|0x0000000751a00000, 0x0000000751a00000, 0x0000000751c00000|  0%| F|  |TAMS 0x0000000751a00000, 0x0000000751a00000| Untracked 
| 110|0x0000000751c00000, 0x0000000751c00000, 0x0000000751e00000|  0%| F|  |TAMS 0x0000000751c00000, 0x0000000751c00000| Untracked 
| 111|0x0000000751e00000, 0x0000000751e00000, 0x0000000752000000|  0%| F|  |TAMS 0x0000000751e00000, 0x0000000751e00000| Untracked 
| 112|0x0000000752000000, 0x0000000752000000, 0x0000000752200000|  0%| F|  |TAMS 0x0000000752000000, 0x0000000752000000| Untracked 
| 113|0x0000000752200000, 0x0000000752200000, 0x0000000752400000|  0%| F|  |TAMS 0x0000000752200000, 0x0000000752200000| Untracked 
| 114|0x0000000752400000, 0x0000000752400000, 0x0000000752600000|  0%| F|  |TAMS 0x0000000752400000, 0x0000000752400000| Untracked 
| 115|0x0000000752600000, 0x0000000752600000, 0x0000000752800000|  0%| F|  |TAMS 0x0000000752600000, 0x0000000752600000| Untracked 
| 116|0x0000000752800000, 0x0000000752800000, 0x0000000752a00000|  0%| F|  |TAMS 0x0000000752800000, 0x0000000752800000| Untracked 
| 117|0x0000000752a00000, 0x0000000752a00000, 0x0000000752c00000|  0%| F|  |TAMS 0x0000000752a00000, 0x0000000752a00000| Untracked 
| 118|0x0000000752c00000, 0x0000000752c00000, 0x0000000752e00000|  0%| F|  |TAMS 0x0000000752c00000, 0x0000000752c00000| Untracked 
| 119|0x0000000752e00000, 0x0000000752e00000, 0x0000000753000000|  0%| F|  |TAMS 0x0000000752e00000, 0x0000000752e00000| Untracked 
| 120|0x0000000753000000, 0x0000000753000000, 0x0000000753200000|  0%| F|  |TAMS 0x0000000753000000, 0x0000000753000000| Untracked 
| 121|0x0000000753200000, 0x0000000753200000, 0x0000000753400000|  0%| F|  |TAMS 0x0000000753200000, 0x0000000753200000| Untracked 
| 122|0x0000000753400000, 0x0000000753400000, 0x0000000753600000|  0%| F|  |TAMS 0x0000000753400000, 0x0000000753400000| Untracked 
| 123|0x0000000753600000, 0x0000000753600000, 0x0000000753800000|  0%| F|  |TAMS 0x0000000753600000, 0x0000000753600000| Untracked 
| 124|0x0000000753800000, 0x0000000753800000, 0x0000000753a00000|  0%| F|  |TAMS 0x0000000753800000, 0x0000000753800000| Untracked 
| 125|0x0000000753a00000, 0x0000000753a00000, 0x0000000753c00000|  0%| F|  |TAMS 0x0000000753a00000, 0x0000000753a00000| Untracked 
| 126|0x0000000753c00000, 0x0000000753c00000, 0x0000000753e00000|  0%| F|  |TAMS 0x0000000753c00000, 0x0000000753c00000| Untracked 
| 127|0x0000000753e00000, 0x0000000753e00000, 0x0000000754000000|  0%| F|  |TAMS 0x0000000753e00000, 0x0000000753e00000| Untracked 
| 128|0x0000000754000000, 0x0000000754000000, 0x0000000754200000|  0%| F|  |TAMS 0x0000000754000000, 0x0000000754000000| Untracked 
| 129|0x0000000754200000, 0x0000000754200000, 0x0000000754400000|  0%| F|  |TAMS 0x0000000754200000, 0x0000000754200000| Untracked 
| 130|0x0000000754400000, 0x0000000754400000, 0x0000000754600000|  0%| F|  |TAMS 0x0000000754400000, 0x0000000754400000| Untracked 
| 131|0x0000000754600000, 0x0000000754600000, 0x0000000754800000|  0%| F|  |TAMS 0x0000000754600000, 0x0000000754600000| Untracked 
| 132|0x0000000754800000, 0x0000000754800000, 0x0000000754a00000|  0%| F|  |TAMS 0x0000000754800000, 0x0000000754800000| Untracked 
| 133|0x0000000754a00000, 0x0000000754a00000, 0x0000000754c00000|  0%| F|  |TAMS 0x0000000754a00000, 0x0000000754a00000| Untracked 
| 134|0x0000000754c00000, 0x0000000754c00000, 0x0000000754e00000|  0%| F|  |TAMS 0x0000000754c00000, 0x0000000754c00000| Untracked 
| 135|0x0000000754e00000, 0x0000000754e00000, 0x0000000755000000|  0%| F|  |TAMS 0x0000000754e00000, 0x0000000754e00000| Untracked 
| 136|0x0000000755000000, 0x0000000755000000, 0x0000000755200000|  0%| F|  |TAMS 0x0000000755000000, 0x0000000755000000| Untracked 
| 137|0x0000000755200000, 0x0000000755200000, 0x0000000755400000|  0%| F|  |TAMS 0x0000000755200000, 0x0000000755200000| Untracked 
| 138|0x0000000755400000, 0x0000000755400000, 0x0000000755600000|  0%| F|  |TAMS 0x0000000755400000, 0x0000000755400000| Untracked 
| 139|0x0000000755600000, 0x0000000755600000, 0x0000000755800000|  0%| F|  |TAMS 0x0000000755600000, 0x0000000755600000| Untracked 
| 140|0x0000000755800000, 0x0000000755800000, 0x0000000755a00000|  0%| F|  |TAMS 0x0000000755800000, 0x0000000755800000| Untracked 
| 141|0x0000000755a00000, 0x0000000755a00000, 0x0000000755c00000|  0%| F|  |TAMS 0x0000000755a00000, 0x0000000755a00000| Untracked 
| 142|0x0000000755c00000, 0x0000000755c00000, 0x0000000755e00000|  0%| F|  |TAMS 0x0000000755c00000, 0x0000000755c00000| Untracked 
| 143|0x0000000755e00000, 0x0000000755e00000, 0x0000000756000000|  0%| F|  |TAMS 0x0000000755e00000, 0x0000000755e00000| Untracked 
| 144|0x0000000756000000, 0x0000000756000000, 0x0000000756200000|  0%| F|  |TAMS 0x0000000756000000, 0x0000000756000000| Untracked 
| 145|0x0000000756200000, 0x0000000756200000, 0x0000000756400000|  0%| F|  |TAMS 0x0000000756200000, 0x0000000756200000| Untracked 
| 146|0x0000000756400000, 0x0000000756400000, 0x0000000756600000|  0%| F|  |TAMS 0x0000000756400000, 0x0000000756400000| Untracked 
| 147|0x0000000756600000, 0x0000000756600000, 0x0000000756800000|  0%| F|  |TAMS 0x0000000756600000, 0x0000000756600000| Untracked 
| 148|0x0000000756800000, 0x0000000756800000, 0x0000000756a00000|  0%| F|  |TAMS 0x0000000756800000, 0x0000000756800000| Untracked 
| 149|0x0000000756a00000, 0x0000000756a00000, 0x0000000756c00000|  0%| F|  |TAMS 0x0000000756a00000, 0x0000000756a00000| Untracked 
| 150|0x0000000756c00000, 0x0000000756c00000, 0x0000000756e00000|  0%| F|  |TAMS 0x0000000756c00000, 0x0000000756c00000| Untracked 
| 151|0x0000000756e00000, 0x0000000756e00000, 0x0000000757000000|  0%| F|  |TAMS 0x0000000756e00000, 0x0000000756e00000| Untracked 
| 152|0x0000000757000000, 0x0000000757000000, 0x0000000757200000|  0%| F|  |TAMS 0x0000000757000000, 0x0000000757000000| Untracked 
| 153|0x0000000757200000, 0x0000000757200000, 0x0000000757400000|  0%| F|  |TAMS 0x0000000757200000, 0x0000000757200000| Untracked 
| 154|0x0000000757400000, 0x0000000757400000, 0x0000000757600000|  0%| F|  |TAMS 0x0000000757400000, 0x0000000757400000| Untracked 
| 155|0x0000000757600000, 0x0000000757600000, 0x0000000757800000|  0%| F|  |TAMS 0x0000000757600000, 0x0000000757600000| Untracked 
| 156|0x0000000757800000, 0x0000000757800000, 0x0000000757a00000|  0%| F|  |TAMS 0x0000000757800000, 0x0000000757800000| Untracked 
| 157|0x0000000757a00000, 0x0000000757a00000, 0x0000000757c00000|  0%| F|  |TAMS 0x0000000757a00000, 0x0000000757a00000| Untracked 
| 158|0x0000000757c00000, 0x0000000757c00000, 0x0000000757e00000|  0%| F|  |TAMS 0x0000000757c00000, 0x0000000757c00000| Untracked 
| 159|0x0000000757e00000, 0x0000000757e00000, 0x0000000758000000|  0%| F|  |TAMS 0x0000000757e00000, 0x0000000757e00000| Untracked 
| 160|0x0000000758000000, 0x0000000758000000, 0x0000000758200000|  0%| F|  |TAMS 0x0000000758000000, 0x0000000758000000| Untracked 
| 161|0x0000000758200000, 0x0000000758200000, 0x0000000758400000|  0%| F|  |TAMS 0x0000000758200000, 0x0000000758200000| Untracked 
| 162|0x0000000758400000, 0x0000000758400000, 0x0000000758600000|  0%| F|  |TAMS 0x0000000758400000, 0x0000000758400000| Untracked 
| 163|0x0000000758600000, 0x0000000758600000, 0x0000000758800000|  0%| F|  |TAMS 0x0000000758600000, 0x0000000758600000| Untracked 
| 164|0x0000000758800000, 0x0000000758800000, 0x0000000758a00000|  0%| F|  |TAMS 0x0000000758800000, 0x0000000758800000| Untracked 
| 165|0x0000000758a00000, 0x0000000758a00000, 0x0000000758c00000|  0%| F|  |TAMS 0x0000000758a00000, 0x0000000758a00000| Untracked 
| 166|0x0000000758c00000, 0x0000000758c00000, 0x0000000758e00000|  0%| F|  |TAMS 0x0000000758c00000, 0x0000000758c00000| Untracked 
| 167|0x0000000758e00000, 0x0000000758e00000, 0x0000000759000000|  0%| F|  |TAMS 0x0000000758e00000, 0x0000000758e00000| Untracked 
| 168|0x0000000759000000, 0x0000000759000000, 0x0000000759200000|  0%| F|  |TAMS 0x0000000759000000, 0x0000000759000000| Untracked 
| 169|0x0000000759200000, 0x0000000759200000, 0x0000000759400000|  0%| F|  |TAMS 0x0000000759200000, 0x0000000759200000| Untracked 
| 170|0x0000000759400000, 0x0000000759400000, 0x0000000759600000|  0%| F|  |TAMS 0x0000000759400000, 0x0000000759400000| Untracked 
| 171|0x0000000759600000, 0x0000000759600000, 0x0000000759800000|  0%| F|  |TAMS 0x0000000759600000, 0x0000000759600000| Untracked 
| 172|0x0000000759800000, 0x0000000759800000, 0x0000000759a00000|  0%| F|  |TAMS 0x0000000759800000, 0x0000000759800000| Untracked 
| 173|0x0000000759a00000, 0x0000000759a00000, 0x0000000759c00000|  0%| F|  |TAMS 0x0000000759a00000, 0x0000000759a00000| Untracked 
| 174|0x0000000759c00000, 0x0000000759c00000, 0x0000000759e00000|  0%| F|  |TAMS 0x0000000759c00000, 0x0000000759c00000| Untracked 
| 175|0x0000000759e00000, 0x0000000759e00000, 0x000000075a000000|  0%| F|  |TAMS 0x0000000759e00000, 0x0000000759e00000| Untracked 
| 176|0x000000075a000000, 0x000000075a000000, 0x000000075a200000|  0%| F|  |TAMS 0x000000075a000000, 0x000000075a000000| Untracked 
| 177|0x000000075a200000, 0x000000075a200000, 0x000000075a400000|  0%| F|  |TAMS 0x000000075a200000, 0x000000075a200000| Untracked 
| 178|0x000000075a400000, 0x000000075a400000, 0x000000075a600000|  0%| F|  |TAMS 0x000000075a400000, 0x000000075a400000| Untracked 
| 179|0x000000075a600000, 0x000000075a600000, 0x000000075a800000|  0%| F|  |TAMS 0x000000075a600000, 0x000000075a600000| Untracked 
| 180|0x000000075a800000, 0x000000075a800000, 0x000000075aa00000|  0%| F|  |TAMS 0x000000075a800000, 0x000000075a800000| Untracked 
| 181|0x000000075aa00000, 0x000000075aa00000, 0x000000075ac00000|  0%| F|  |TAMS 0x000000075aa00000, 0x000000075aa00000| Untracked 
| 182|0x000000075ac00000, 0x000000075ac00000, 0x000000075ae00000|  0%| F|  |TAMS 0x000000075ac00000, 0x000000075ac00000| Untracked 
| 183|0x000000075ae00000, 0x000000075ae00000, 0x000000075b000000|  0%| F|  |TAMS 0x000000075ae00000, 0x000000075ae00000| Untracked 
| 184|0x000000075b000000, 0x000000075b000000, 0x000000075b200000|  0%| F|  |TAMS 0x000000075b000000, 0x000000075b000000| Untracked 
| 185|0x000000075b200000, 0x000000075b200000, 0x000000075b400000|  0%| F|  |TAMS 0x000000075b200000, 0x000000075b200000| Untracked 
| 186|0x000000075b400000, 0x000000075b400000, 0x000000075b600000|  0%| F|  |TAMS 0x000000075b400000, 0x000000075b400000| Untracked 
| 187|0x000000075b600000, 0x000000075b600000, 0x000000075b800000|  0%| F|  |TAMS 0x000000075b600000, 0x000000075b600000| Untracked 
| 188|0x000000075b800000, 0x000000075b800000, 0x000000075ba00000|  0%| F|  |TAMS 0x000000075b800000, 0x000000075b800000| Untracked 
| 189|0x000000075ba00000, 0x000000075ba00000, 0x000000075bc00000|  0%| F|  |TAMS 0x000000075ba00000, 0x000000075ba00000| Untracked 
| 190|0x000000075bc00000, 0x000000075bc00000, 0x000000075be00000|  0%| F|  |TAMS 0x000000075bc00000, 0x000000075bc00000| Untracked 
| 191|0x000000075be00000, 0x000000075be00000, 0x000000075c000000|  0%| F|  |TAMS 0x000000075be00000, 0x000000075be00000| Untracked 
| 192|0x000000075c000000, 0x000000075c000000, 0x000000075c200000|  0%| F|  |TAMS 0x000000075c000000, 0x000000075c000000| Untracked 
| 193|0x000000075c200000, 0x000000075c200000, 0x000000075c400000|  0%| F|  |TAMS 0x000000075c200000, 0x000000075c200000| Untracked 
| 194|0x000000075c400000, 0x000000075c400000, 0x000000075c600000|  0%| F|  |TAMS 0x000000075c400000, 0x000000075c400000| Untracked 
| 195|0x000000075c600000, 0x000000075c600000, 0x000000075c800000|  0%| F|  |TAMS 0x000000075c600000, 0x000000075c600000| Untracked 
| 196|0x000000075c800000, 0x000000075c800000, 0x000000075ca00000|  0%| F|  |TAMS 0x000000075c800000, 0x000000075c800000| Untracked 
| 197|0x000000075ca00000, 0x000000075ca00000, 0x000000075cc00000|  0%| F|  |TAMS 0x000000075ca00000, 0x000000075ca00000| Untracked 
| 198|0x000000075cc00000, 0x000000075cc00000, 0x000000075ce00000|  0%| F|  |TAMS 0x000000075cc00000, 0x000000075cc00000| Untracked 
| 199|0x000000075ce00000, 0x000000075ce00000, 0x000000075d000000|  0%| F|  |TAMS 0x000000075ce00000, 0x000000075ce00000| Untracked 
| 200|0x000000075d000000, 0x000000075d000000, 0x000000075d200000|  0%| F|  |TAMS 0x000000075d000000, 0x000000075d000000| Untracked 
| 201|0x000000075d200000, 0x000000075d200000, 0x000000075d400000|  0%| F|  |TAMS 0x000000075d200000, 0x000000075d200000| Untracked 
| 202|0x000000075d400000, 0x000000075d400000, 0x000000075d600000|  0%| F|  |TAMS 0x000000075d400000, 0x000000075d400000| Untracked 
| 203|0x000000075d600000, 0x000000075d600000, 0x000000075d800000|  0%| F|  |TAMS 0x000000075d600000, 0x000000075d600000| Untracked 
| 204|0x000000075d800000, 0x000000075d800000, 0x000000075da00000|  0%| F|  |TAMS 0x000000075d800000, 0x000000075d800000| Untracked 
| 205|0x000000075da00000, 0x000000075da00000, 0x000000075dc00000|  0%| F|  |TAMS 0x000000075da00000, 0x000000075da00000| Untracked 
| 206|0x000000075dc00000, 0x000000075dc00000, 0x000000075de00000|  0%| F|  |TAMS 0x000000075dc00000, 0x000000075dc00000| Untracked 
| 207|0x000000075de00000, 0x000000075de00000, 0x000000075e000000|  0%| F|  |TAMS 0x000000075de00000, 0x000000075de00000| Untracked 
| 208|0x000000075e000000, 0x000000075e000000, 0x000000075e200000|  0%| F|  |TAMS 0x000000075e000000, 0x000000075e000000| Untracked 
| 209|0x000000075e200000, 0x000000075e200000, 0x000000075e400000|  0%| F|  |TAMS 0x000000075e200000, 0x000000075e200000| Untracked 
| 210|0x000000075e400000, 0x000000075e400000, 0x000000075e600000|  0%| F|  |TAMS 0x000000075e400000, 0x000000075e400000| Untracked 
| 211|0x000000075e600000, 0x000000075e600000, 0x000000075e800000|  0%| F|  |TAMS 0x000000075e600000, 0x000000075e600000| Untracked 
| 212|0x000000075e800000, 0x000000075e800000, 0x000000075ea00000|  0%| F|  |TAMS 0x000000075e800000, 0x000000075e800000| Untracked 
| 213|0x000000075ea00000, 0x000000075ea00000, 0x000000075ec00000|  0%| F|  |TAMS 0x000000075ea00000, 0x000000075ea00000| Untracked 
| 214|0x000000075ec00000, 0x000000075ec00000, 0x000000075ee00000|  0%| F|  |TAMS 0x000000075ec00000, 0x000000075ec00000| Untracked 
| 215|0x000000075ee00000, 0x000000075ee00000, 0x000000075f000000|  0%| F|  |TAMS 0x000000075ee00000, 0x000000075ee00000| Untracked 
| 216|0x000000075f000000, 0x000000075f000000, 0x000000075f200000|  0%| F|  |TAMS 0x000000075f000000, 0x000000075f000000| Untracked 
| 217|0x000000075f200000, 0x000000075f200000, 0x000000075f400000|  0%| F|  |TAMS 0x000000075f200000, 0x000000075f200000| Untracked 
| 218|0x000000075f400000, 0x000000075f400000, 0x000000075f600000|  0%| F|  |TAMS 0x000000075f400000, 0x000000075f400000| Untracked 
| 219|0x000000075f600000, 0x000000075f600000, 0x000000075f800000|  0%| F|  |TAMS 0x000000075f600000, 0x000000075f600000| Untracked 
| 220|0x000000075f800000, 0x000000075f800000, 0x000000075fa00000|  0%| F|  |TAMS 0x000000075f800000, 0x000000075f800000| Untracked 
| 221|0x000000075fa00000, 0x000000075fa00000, 0x000000075fc00000|  0%| F|  |TAMS 0x000000075fa00000, 0x000000075fa00000| Untracked 
| 222|0x000000075fc00000, 0x000000075fc00000, 0x000000075fe00000|  0%| F|  |TAMS 0x000000075fc00000, 0x000000075fc00000| Untracked 
| 223|0x000000075fe00000, 0x000000075fe00000, 0x0000000760000000|  0%| F|  |TAMS 0x000000075fe00000, 0x000000075fe00000| Untracked 
| 224|0x0000000760000000, 0x0000000760000000, 0x0000000760200000|  0%| F|  |TAMS 0x0000000760000000, 0x0000000760000000| Untracked 
| 225|0x0000000760200000, 0x0000000760200000, 0x0000000760400000|  0%| F|  |TAMS 0x0000000760200000, 0x0000000760200000| Untracked 
| 226|0x0000000760400000, 0x0000000760400000, 0x0000000760600000|  0%| F|  |TAMS 0x0000000760400000, 0x0000000760400000| Untracked 
| 227|0x0000000760600000, 0x0000000760600000, 0x0000000760800000|  0%| F|  |TAMS 0x0000000760600000, 0x0000000760600000| Untracked 
| 228|0x0000000760800000, 0x0000000760800000, 0x0000000760a00000|  0%| F|  |TAMS 0x0000000760800000, 0x0000000760800000| Untracked 
| 229|0x0000000760a00000, 0x0000000760a00000, 0x0000000760c00000|  0%| F|  |TAMS 0x0000000760a00000, 0x0000000760a00000| Untracked 
| 230|0x0000000760c00000, 0x0000000760c00000, 0x0000000760e00000|  0%| F|  |TAMS 0x0000000760c00000, 0x0000000760c00000| Untracked 
| 231|0x0000000760e00000, 0x0000000760e00000, 0x0000000761000000|  0%| F|  |TAMS 0x0000000760e00000, 0x0000000760e00000| Untracked 
| 232|0x0000000761000000, 0x0000000761000000, 0x0000000761200000|  0%| F|  |TAMS 0x0000000761000000, 0x0000000761000000| Untracked 
| 233|0x0000000761200000, 0x0000000761200000, 0x0000000761400000|  0%| F|  |TAMS 0x0000000761200000, 0x0000000761200000| Untracked 
| 234|0x0000000761400000, 0x0000000761400000, 0x0000000761600000|  0%| F|  |TAMS 0x0000000761400000, 0x0000000761400000| Untracked 
| 235|0x0000000761600000, 0x0000000761600000, 0x0000000761800000|  0%| F|  |TAMS 0x0000000761600000, 0x0000000761600000| Untracked 
| 236|0x0000000761800000, 0x0000000761800000, 0x0000000761a00000|  0%| F|  |TAMS 0x0000000761800000, 0x0000000761800000| Untracked 
| 237|0x0000000761a00000, 0x0000000761a00000, 0x0000000761c00000|  0%| F|  |TAMS 0x0000000761a00000, 0x0000000761a00000| Untracked 
| 238|0x0000000761c00000, 0x0000000761c00000, 0x0000000761e00000|  0%| F|  |TAMS 0x0000000761c00000, 0x0000000761c00000| Untracked 
| 239|0x0000000761e00000, 0x0000000761e00000, 0x0000000762000000|  0%| F|  |TAMS 0x0000000761e00000, 0x0000000761e00000| Untracked 
| 240|0x0000000762000000, 0x0000000762000000, 0x0000000762200000|  0%| F|  |TAMS 0x0000000762000000, 0x0000000762000000| Untracked 

Card table byte_map: [0x00000197b5de0000,0x00000197b63c0000] _byte_map_base: 0x00000197b23c0000

Marking Bits (Prev, Next): (CMBitMap*) 0x000001979cd95a00, (CMBitMap*) 0x000001979cd95a40
 Prev Bits: [0x00000197b69a0000, 0x00000197b98a0000)
 Next Bits: [0x00000197b98a0000, 0x00000197bc7a0000)

Polling page: 0x000001979ce10000

Metaspace:

Usage:
  Non-class:      9.68 MB used.
      Class:      1.50 MB used.
       Both:     11.18 MB used.

Virtual space:
  Non-class space:       16.00 MB reserved,       9.75 MB ( 61%) committed,  2 nodes.
      Class space:        1.00 GB reserved,       1.62 MB ( <1%) committed,  1 nodes.
             Both:        1.02 GB reserved,      11.38 MB (  1%) committed. 

Chunk freelists:
   Non-Class:  1.01 MB
       Class:  2.42 MB
        Both:  3.42 MB

MaxMetaspaceSize: unlimited
CompressedClassSpaceSize: 1.00 GB
Initial GC threshold: 21.00 MB
Current GC threshold: 21.00 MB
CDS: on
MetaspaceReclaimPolicy: balanced
 - commit_granule_bytes: 65536.
 - commit_granule_words: 8192.
 - virtual_space_node_default_size: 1048576.
 - enlarge_chunks_in_place: 1.
 - new_chunks_are_fully_committed: 0.
 - uncommit_free_chunks: 1.
 - use_allocation_guard: 0.
 - handle_deallocations: 1.


Internal statistics:

num_allocs_failed_limit: 0.
num_arena_births: 150.
num_arena_deaths: 0.
num_vsnodes_births: 3.
num_vsnodes_deaths: 0.
num_space_committed: 182.
num_space_uncommitted: 0.
num_chunks_returned_to_freelist: 0.
num_chunks_taken_from_freelist: 517.
num_chunk_merges: 0.
num_chunk_splits: 358.
num_chunks_enlarged: 296.
num_purges: 0.
num_inconsistent_stats: 0.

CodeHeap 'non-profiled nmethods': size=120000Kb used=1033Kb max_used=1033Kb free=118966Kb
 bounds [0x00000197ad860000, 0x00000197adad0000, 0x00000197b4d90000]
CodeHeap 'profiled nmethods': size=120000Kb used=3666Kb max_used=3666Kb free=116333Kb
 bounds [0x00000197a5d90000, 0x00000197a6130000, 0x00000197ad2c0000]
CodeHeap 'non-nmethods': size=5760Kb used=1420Kb max_used=1496Kb free=4339Kb
 bounds [0x00000197ad2c0000, 0x00000197ad530000, 0x00000197ad860000]
 total_blobs=2786 nmethods=2017 adapters=681
 compilation: enabled
              stopped_count=0, restarted_count=0
 full_count=0

Compilation events (20 events):
Event: 9.950 Thread 0x00000197bf23ced0 2006       4       java.lang.CharacterDataLatin1::toUpperCase (53 bytes)
Event: 9.951 Thread 0x00000197bf23ced0 nmethod 2006 0x00000197ad95c810 code [0x00000197ad95c980, 0x00000197ad95ca78]
Event: 10.400 Thread 0x00000197bf23ced0 2010       4       java.lang.AbstractStringBuilder::append (55 bytes)
Event: 10.420 Thread 0x00000197bf23ced0 nmethod 2010 0x00000197ad95cb90 code [0x00000197ad95cd40, 0x00000197ad95d8e8]
Event: 10.534 Thread 0x00000197bf23ced0 2011       4       java.lang.AbstractStringBuilder::<init> (63 bytes)
Event: 10.577 Thread 0x00000197bf23ced0 nmethod 2011 0x00000197ad95de10 code [0x00000197ad95dfe0, 0x00000197ad95eb38]
Event: 10.577 Thread 0x00000197bf23ced0 2014       4       java.lang.StringBuilder::<init> (6 bytes)
Event: 10.577 Thread 0x00000197bf23ced0 nmethod 2014 0x00000197ad95f090 code [0x00000197ad95f220, 0x00000197ad95f2c8]
Event: 10.578 Thread 0x00000197bf23ced0 2012       4       java.lang.StringBuilder::append (6 bytes)
Event: 10.593 Thread 0x00000197bf23ced0 nmethod 2012 0x00000197ad95f390 code [0x00000197ad95f540, 0x00000197ad95fe18]
Event: 10.593 Thread 0x00000197bf23ced0 2013       4       sun.util.calendar.BaseCalendar$Date::setCache (20 bytes)
Event: 10.594 Thread 0x00000197bf23ced0 nmethod 2013 0x00000197ad960290 code [0x00000197ad960400, 0x00000197ad960498]
Event: 10.614 Thread 0x00000197bf23ced0 2015       4       java.lang.StringBuilder::append (9 bytes)
Event: 10.628 Thread 0x00000197bf23ced0 nmethod 2015 0x00000197ad960590 code [0x00000197ad960740, 0x00000197ad961078]
Event: 10.672 Thread 0x00000197bf23ced0 2016       4       java.lang.String::valueOf (15 bytes)
Event: 10.673 Thread 0x00000197bf23ced0 nmethod 2016 0x00000197ad961510 code [0x00000197ad961680, 0x00000197ad961718]
Event: 10.778 Thread 0x00000197bf23ced0 2017       4       java.lang.ref.SoftReference::get (29 bytes)
Event: 10.779 Thread 0x00000197bf23ced0 nmethod 2017 0x00000197ad961810 code [0x00000197ad961980, 0x00000197ad961a78]
Event: 11.063 Thread 0x00000197bf23ced0 2018       4       sun.util.calendar.BaseCalendar::getCalendarDateFromFixedDate (305 bytes)
Event: 11.077 Thread 0x00000197bf23ced0 nmethod 2018 0x00000197ad961b10 code [0x00000197ad961ca0, 0x00000197ad9621f8]

GC Heap History (20 events):
Event: 8.820 GC heap after
{Heap after GC invocations=3 (full 0):
 garbage-first heap   total 192512K, used 16093K [0x0000000744000000, 0x0000000800000000)
  region size 2048K, 3 young (6144K), 3 survivors (6144K)
 Metaspace       used 11443K, committed 11648K, reserved 1064960K
  class space    used 1531K, committed 1664K, reserved 1048576K
}
Event: 9.890 GC heap before
{Heap before GC invocations=3 (full 0):
 garbage-first heap   total 192512K, used 122589K [0x0000000744000000, 0x0000000800000000)
  region size 2048K, 56 young (114688K), 3 survivors (6144K)
 Metaspace       used 11446K, committed 11648K, reserved 1064960K
  class space    used 1531K, committed 1664K, reserved 1048576K
}
Event: 9.895 GC heap after
{Heap after GC invocations=4 (full 0):
 garbage-first heap   total 192512K, used 16117K [0x0000000744000000, 0x0000000800000000)
  region size 2048K, 3 young (6144K), 3 survivors (6144K)
 Metaspace       used 11446K, committed 11648K, reserved 1064960K
  class space    used 1531K, committed 1664K, reserved 1048576K
}
Event: 10.536 GC heap before
{Heap before GC invocations=4 (full 0):
 garbage-first heap   total 192512K, used 122613K [0x0000000744000000, 0x0000000800000000)
  region size 2048K, 56 young (114688K), 3 survivors (6144K)
 Metaspace       used 11446K, committed 11648K, reserved 1064960K
  class space    used 1531K, committed 1664K, reserved 1048576K
}
Event: 10.541 GC heap after
{Heap after GC invocations=5 (full 0):
 garbage-first heap   total 192512K, used 16360K [0x0000000744000000, 0x0000000800000000)
  region size 2048K, 3 young (6144K), 3 survivors (6144K)
 Metaspace       used 11446K, committed 11648K, reserved 1064960K
  class space    used 1531K, committed 1664K, reserved 1048576K
}
Event: 10.558 GC heap before
{Heap before GC invocations=5 (full 0):
 garbage-first heap   total 192512K, used 122856K [0x0000000744000000, 0x0000000800000000)
  region size 2048K, 56 young (114688K), 3 survivors (6144K)
 Metaspace       used 11446K, committed 11648K, reserved 1064960K
  class space    used 1531K, committed 1664K, reserved 1048576K
}
Event: 10.571 GC heap after
{Heap after GC invocations=6 (full 0):
 garbage-first heap   total 192512K, used 16397K [0x0000000744000000, 0x0000000800000000)
  region size 2048K, 3 young (6144K), 3 survivors (6144K)
 Metaspace       used 11446K, committed 11648K, reserved 1064960K
  class space    used 1531K, committed 1664K, reserved 1048576K
}
Event: 10.587 GC heap before
{Heap before GC invocations=6 (full 0):
 garbage-first heap   total 192512K, used 122893K [0x0000000744000000, 0x0000000800000000)
  region size 2048K, 56 young (114688K), 3 survivors (6144K)
 Metaspace       used 11446K, committed 11648K, reserved 1064960K
  class space    used 1531K, committed 1664K, reserved 1048576K
}
Event: 10.592 GC heap after
{Heap after GC invocations=7 (full 0):
 garbage-first heap   total 192512K, used 16854K [0x0000000744000000, 0x0000000800000000)
  region size 2048K, 4 young (8192K), 4 survivors (8192K)
 Metaspace       used 11446K, committed 11648K, reserved 1064960K
  class space    used 1531K, committed 1664K, reserved 1048576K
}
Event: 10.609 GC heap before
{Heap before GC invocations=7 (full 0):
 garbage-first heap   total 192512K, used 121302K [0x0000000744000000, 0x0000000800000000)
  region size 2048K, 56 young (114688K), 4 survivors (8192K)
 Metaspace       used 11446K, committed 11648K, reserved 1064960K
  class space    used 1531K, committed 1664K, reserved 1048576K
}
Event: 10.614 GC heap after
{Heap after GC invocations=8 (full 0):
 garbage-first heap   total 192512K, used 16853K [0x0000000744000000, 0x0000000800000000)
  region size 2048K, 4 young (8192K), 4 survivors (8192K)
 Metaspace       used 11446K, committed 11648K, reserved 1064960K
  class space    used 1531K, committed 1664K, reserved 1048576K
}
Event: 10.631 GC heap before
{Heap before GC invocations=8 (full 0):
 garbage-first heap   total 192512K, used 121301K [0x0000000744000000, 0x0000000800000000)
  region size 2048K, 56 young (114688K), 4 survivors (8192K)
 Metaspace       used 11446K, committed 11648K, reserved 1064960K
  class space    used 1531K, committed 1664K, reserved 1048576K
}
Event: 10.652 GC heap after
{Heap after GC invocations=9 (full 0):
 garbage-first heap   total 493568K, used 16709K [0x0000000744000000, 0x0000000800000000)
  region size 2048K, 3 young (6144K), 3 survivors (6144K)
 Metaspace       used 11446K, committed 11648K, reserved 1064960K
  class space    used 1531K, committed 1664K, reserved 1048576K
}
Event: 10.857 GC heap before
{Heap before GC invocations=9 (full 0):
 garbage-first heap   total 493568K, used 303429K [0x0000000744000000, 0x0000000800000000)
  region size 2048K, 144 young (294912K), 3 survivors (6144K)
 Metaspace       used 11446K, committed 11648K, reserved 1064960K
  class space    used 1531K, committed 1664K, reserved 1048576K
}
Event: 10.912 GC heap after
{Heap after GC invocations=10 (full 0):
 garbage-first heap   total 493568K, used 16651K [0x0000000744000000, 0x0000000800000000)
  region size 2048K, 3 young (6144K), 3 survivors (6144K)
 Metaspace       used 11446K, committed 11648K, reserved 1064960K
  class space    used 1531K, committed 1664K, reserved 1048576K
}
Event: 10.965 GC heap before
{Heap before GC invocations=10 (full 0):
 garbage-first heap   total 493568K, used 303371K [0x0000000744000000, 0x0000000800000000)
  region size 2048K, 144 young (294912K), 3 survivors (6144K)
 Metaspace       used 11446K, committed 11648K, reserved 1064960K
  class space    used 1531K, committed 1664K, reserved 1048576K
}
Event: 10.970 GC heap after
{Heap after GC invocations=11 (full 0):
 garbage-first heap   total 493568K, used 17897K [0x0000000744000000, 0x0000000800000000)
  region size 2048K, 4 young (8192K), 4 survivors (8192K)
 Metaspace       used 11446K, committed 11648K, reserved 1064960K
  class space    used 1531K, committed 1664K, reserved 1048576K
}
Event: 11.024 GC heap before
{Heap before GC invocations=11 (full 0):
 garbage-first heap   total 493568K, used 302569K [0x0000000744000000, 0x0000000800000000)
  region size 2048K, 144 young (294912K), 4 survivors (8192K)
 Metaspace       used 11446K, committed 11648K, reserved 1064960K
  class space    used 1531K, committed 1664K, reserved 1048576K
}
Event: 11.028 GC heap after
{Heap after GC invocations=12 (full 0):
 garbage-first heap   total 493568K, used 17193K [0x0000000744000000, 0x0000000800000000)
  region size 2048K, 4 young (8192K), 4 survivors (8192K)
 Metaspace       used 11446K, committed 11648K, reserved 1064960K
  class space    used 1531K, committed 1664K, reserved 1048576K
}
Event: 11.081 GC heap before
{Heap before GC invocations=12 (full 0):
 garbage-first heap   total 493568K, used 301865K [0x0000000744000000, 0x0000000800000000)
  region size 2048K, 144 young (294912K), 4 survivors (8192K)
 Metaspace       used 11446K, committed 11648K, reserved 1064960K
  class space    used 1531K, committed 1664K, reserved 1048576K
}

Deoptimization events (20 events):
Event: 8.476 Thread 0x00000197c03f3ae0 DEOPT PACKING pc=0x00000197a60807a5 sp=0x0000007d294fcdd0
Event: 8.476 Thread 0x00000197c03f3ae0 DEOPT UNPACKING pc=0x00000197ad3166e3 sp=0x0000007d294fc280 mode 0
Event: 8.479 Thread 0x00000197c03f3ae0 DEOPT PACKING pc=0x00000197a60807a5 sp=0x0000007d294fcdd0
Event: 8.479 Thread 0x00000197c03f3ae0 DEOPT UNPACKING pc=0x00000197ad3166e3 sp=0x0000007d294fc280 mode 0
Event: 8.482 Thread 0x00000197c03f3ae0 DEOPT PACKING pc=0x00000197a60807a5 sp=0x0000007d294fcdd0
Event: 8.482 Thread 0x00000197c03f3ae0 DEOPT UNPACKING pc=0x00000197ad3166e3 sp=0x0000007d294fc280 mode 0
Event: 8.485 Thread 0x00000197c03f3ae0 DEOPT PACKING pc=0x00000197a60807a5 sp=0x0000007d294fcdd0
Event: 8.485 Thread 0x00000197c03f3ae0 DEOPT UNPACKING pc=0x00000197ad3166e3 sp=0x0000007d294fc280 mode 0
Event: 8.488 Thread 0x00000197c03f3ae0 DEOPT PACKING pc=0x00000197a60807a5 sp=0x0000007d294fcdd0
Event: 8.488 Thread 0x00000197c03f3ae0 DEOPT UNPACKING pc=0x00000197ad3166e3 sp=0x0000007d294fc280 mode 0
Event: 8.491 Thread 0x00000197c03f3ae0 DEOPT PACKING pc=0x00000197a60807a5 sp=0x0000007d294fcdd0
Event: 8.491 Thread 0x00000197c03f3ae0 DEOPT UNPACKING pc=0x00000197ad3166e3 sp=0x0000007d294fc280 mode 0
Event: 8.494 Thread 0x00000197c03f3ae0 DEOPT PACKING pc=0x00000197a60807a5 sp=0x0000007d294fcdd0
Event: 8.494 Thread 0x00000197c03f3ae0 DEOPT UNPACKING pc=0x00000197ad3166e3 sp=0x0000007d294fc280 mode 0
Event: 8.497 Thread 0x00000197c03f3ae0 DEOPT PACKING pc=0x00000197a60807a5 sp=0x0000007d294fcdd0
Event: 8.497 Thread 0x00000197c03f3ae0 DEOPT UNPACKING pc=0x00000197ad3166e3 sp=0x0000007d294fc280 mode 0
Event: 8.500 Thread 0x00000197c03f3ae0 DEOPT PACKING pc=0x00000197a60807a5 sp=0x0000007d294fcdd0
Event: 8.501 Thread 0x00000197c03f3ae0 DEOPT UNPACKING pc=0x00000197ad3166e3 sp=0x0000007d294fc280 mode 0
Event: 8.905 Thread 0x00000197c03f3ae0 DEOPT PACKING pc=0x00000197a6122203 sp=0x0000007d294fc9f0
Event: 8.905 Thread 0x00000197c03f3ae0 DEOPT UNPACKING pc=0x00000197ad3166e3 sp=0x0000007d294fbe88 mode 0

Classes unloaded (0 events):
No events

Classes redefined (0 events):
No events

Internal exceptions (20 events):
Event: 0.714 Thread 0x00000197c0779d70 Exception <a 'java/lang/NoSuchMethodError'{0x000000074ed55f28}: 'void java.lang.invoke.DirectMethodHandle$Holder.invokeStatic(java.lang.Object, java.lang.Object, java.lang.Object, java.lang.Object)'> (0x000000074ed55f28) 
thrown [s\open\src\hotspot\share\interpreter\linkResolver.cpp, line 759]
Event: 0.794 Thread 0x00000197c03f3ae0 Exception <a 'java/lang/NoSuchMethodError'{0x000000074e95e688}: 'java.lang.Object java.lang.invoke.DirectMethodHandle$Holder.invokeStaticInit(java.lang.Object, java.lang.Object, java.lang.Object, java.lang.Object)'> (0x000000074e95e688) 
thrown [s\open\src\hotspot\share\interpreter\linkResolver.cpp, line 759]
Event: 0.797 Thread 0x00000197c03f3ae0 Exception <a 'java/lang/NullPointerException'{0x000000074e96a470}> (0x000000074e96a470) 
thrown [s\open\src\hotspot\share\interpreter\linkResolver.cpp, line 1350]
Event: 1.095 Thread 0x00000197c03f3ae0 Exception <a 'java/lang/ClassNotFoundException'{0x000000074f878230}: com/sun/glass/ui/win/themes> (0x000000074f878230) 
thrown [s\open\src\hotspot\share\prims\jni.cpp, line 535]
Event: 1.099 Thread 0x00000197c03f3ae0 Exception <a 'java/lang/ClassNotFoundException'{0x000000074f8850d8}: com/sun/glass/ui/win/themes_en> (0x000000074f8850d8) 
thrown [s\open\src\hotspot\share\prims\jni.cpp, line 535]
Event: 1.101 Thread 0x00000197c03f3ae0 Exception <a 'java/lang/ClassNotFoundException'{0x000000074f88ce68}: com/sun/glass/ui/win/themes_en_US> (0x000000074f88ce68) 
thrown [s\open\src\hotspot\share\prims\jni.cpp, line 535]
Event: 1.264 Thread 0x00000197c03f3ae0 Exception <a 'java/lang/NoSuchMethodError'{0x000000074f5d9f58}: 'void java.lang.invoke.DirectMethodHandle$Holder.invokeStaticInit(java.lang.Object, java.lang.Object)'> (0x000000074f5d9f58) 
thrown [s\open\src\hotspot\share\interpreter\linkResolver.cpp, line 759]
Event: 1.272 Thread 0x00000197c03f3ae0 Exception <a 'java/lang/NoSuchMethodError'{0x000000074f224c70}: 'void java.lang.invoke.DirectMethodHandle$Holder.invokeSpecial(java.lang.Object, java.lang.Object, java.lang.Object, java.lang.Object, java.lang.Object)'> (0x000000074f224c70) 
thrown [s\open\src\hotspot\share\interpreter\linkResolver.cpp, line 759]
Event: 1.335 Thread 0x00000197c03f3ae0 Implicit null exception at 0x00000197ad878dd9 to 0x00000197ad878fd8
Event: 1.445 Thread 0x00000197c03f3ae0 Implicit null exception at 0x00000197ad8bc78d to 0x00000197ad8bcd54
Event: 1.447 Thread 0x00000197c03f3ae0 Implicit null exception at 0x00000197ad8ba210 to 0x00000197ad8ba7c4
Event: 1.469 Thread 0x00000197c03f3ae0 Implicit null exception at 0x00000197ad87dbaf to 0x00000197ad87dd80
Event: 1.749 Thread 0x00000197c03f3ae0 Exception <a 'java/lang/NoSuchMethodError'{0x000000074eaddaf0}: 'java.lang.Object java.lang.invoke.DirectMethodHandle$Holder.invokeInterface(java.lang.Object, java.lang.Object, java.lang.Object)'> (0x000000074eaddaf0) 
thrown [s\open\src\hotspot\share\interpreter\linkResolver.cpp, line 759]
Event: 1.749 Thread 0x00000197c03f3ae0 Exception <a 'java/lang/IncompatibleClassChangeError'{0x000000074eae1478}: Found class java.lang.Object, but interface was expected> (0x000000074eae1478) 
thrown [s\open\src\hotspot\share\interpreter\linkResolver.cpp, line 826]
Event: 1.837 Thread 0x00000197c03f3ae0 Exception <a 'java/lang/NoSuchMethodError'{0x000000074e873030}: 'java.lang.Object java.lang.invoke.DirectMethodHandle$Holder.newInvokeSpecial(java.lang.Object, java.lang.Object, int)'> (0x000000074e873030) 
thrown [s\open\src\hotspot\share\interpreter\linkResolver.cpp, line 759]
Event: 1.926 Thread 0x00000197c0156110 Exception <a 'java/lang/NoSuchMethodError'{0x000000074e9db068}: 'int java.lang.invoke.DirectMethodHandle$Holder.invokeStaticInit(java.lang.Object, java.lang.Object)'> (0x000000074e9db068) 
thrown [s\open\src\hotspot\share\interpreter\linkResolver.cpp, line 759]
Event: 2.726 Thread 0x00000197c03f3ae0 Exception <a 'java/lang/NoSuchMethodError'{0x000000074e19db80}: 'long java.lang.invoke.DirectMethodHandle$Holder.invokeStatic(java.lang.Object, java.lang.Object, java.lang.Object)'> (0x000000074e19db80) 
thrown [s\open\src\hotspot\share\interpreter\linkResolver.cpp, line 759]
Event: 2.726 Thread 0x00000197c03f3ae0 Exception <a 'java/lang/NoSuchMethodError'{0x000000074e1a1328}: 'long java.lang.invoke.DirectMethodHandle$Holder.invokeStaticInit(java.lang.Object, java.lang.Object, java.lang.Object)'> (0x000000074e1a1328) 
thrown [s\open\src\hotspot\share\interpreter\linkResolver.cpp, line 759]
Event: 2.730 Thread 0x00000197c03f3ae0 Exception <a 'java/lang/NoSuchMethodError'{0x000000074e1b9230}: 'java.lang.Object java.lang.invoke.DirectMethodHandle$Holder.newInvokeSpecial(java.lang.Object, java.lang.Object, long)'> (0x000000074e1b9230) 
thrown [s\open\src\hotspot\share\interpreter\linkResolver.cpp, line 759]
Event: 2.730 Thread 0x00000197c03f3ae0 Exception <a 'java/lang/NoSuchMethodError'{0x000000074e1bcda0}: 'java.lang.Object java.lang.invoke.Invokers$Holder.linkToTargetMethod(java.lang.Object, long, java.lang.Object)'> (0x000000074e1bcda0) 
thrown [s\open\src\hotspot\share\interpreter\linkResolver.cpp, line 759]

VM Operations (20 events):
Event: 9.820 Executing VM operation: Cleanup done
Event: 9.890 Executing VM operation: G1CollectForAllocation
Event: 9.895 Executing VM operation: G1CollectForAllocation done
Event: 10.536 Executing VM operation: G1CollectForAllocation
Event: 10.541 Executing VM operation: G1CollectForAllocation done
Event: 10.558 Executing VM operation: G1CollectForAllocation
Event: 10.571 Executing VM operation: G1CollectForAllocation done
Event: 10.587 Executing VM operation: G1CollectForAllocation
Event: 10.592 Executing VM operation: G1CollectForAllocation done
Event: 10.609 Executing VM operation: G1CollectForAllocation
Event: 10.614 Executing VM operation: G1CollectForAllocation done
Event: 10.631 Executing VM operation: G1CollectForAllocation
Event: 10.652 Executing VM operation: G1CollectForAllocation done
Event: 10.857 Executing VM operation: G1CollectForAllocation
Event: 10.912 Executing VM operation: G1CollectForAllocation done
Event: 10.965 Executing VM operation: G1CollectForAllocation
Event: 10.970 Executing VM operation: G1CollectForAllocation done
Event: 11.024 Executing VM operation: G1CollectForAllocation
Event: 11.028 Executing VM operation: G1CollectForAllocation done
Event: 11.081 Executing VM operation: G1CollectForAllocation

Events (20 events):
Event: 8.617 loading class sun/util/cldr/CLDRTimeZoneNameProviderImpl done
Event: 8.618 loading class sun/util/locale/provider/BaseLocaleDataMetaInfo
Event: 8.618 loading class sun/util/locale/provider/BaseLocaleDataMetaInfo done
Event: 8.620 loading class sun/util/resources/cldr/TimeZoneNames
Event: 8.620 loading class sun/util/resources/TimeZoneNamesBundle
Event: 8.620 loading class sun/util/resources/OpenListResourceBundle
Event: 8.621 loading class sun/util/resources/OpenListResourceBundle done
Event: 8.621 loading class sun/util/resources/TimeZoneNamesBundle done
Event: 8.621 loading class sun/util/resources/cldr/TimeZoneNames done
Event: 8.621 loading class sun/util/resources/cldr/TimeZoneNames_en
Event: 8.622 loading class sun/util/resources/cldr/TimeZoneNames_en done
Event: 8.622 loading class sun/util/resources/cldr/TimeZoneNames_en_US
Event: 8.622 loading class sun/util/resources/cldr/TimeZoneNames_en_US done
Event: 8.624 loading class java/util/LinkedHashMap$LinkedKeySet
Event: 8.624 loading class java/util/LinkedHashMap$LinkedKeySet done
Event: 8.624 loading class sun/util/resources/TimeZoneNames
Event: 8.625 loading class sun/util/resources/TimeZoneNames done
Event: 8.625 loading class sun/util/resources/TimeZoneNames_en
Event: 8.625 loading class sun/util/resources/TimeZoneNames_en done
Event: 9.608 Thread 0x00000197c0ee52f0 Thread exited: 0x00000197c0ee52f0


Dynamic libraries:
0x00007ff6adeb0000 - 0x00007ff6adec0000 	C:\Program Files\Java\jdk-17\bin\javaw.exe
0x00007ffbd5f50000 - 0x00007ffbd6164000 	C:\WINDOWS\SYSTEM32\ntdll.dll
0x00007ffbd45d0000 - 0x00007ffbd4692000 	C:\WINDOWS\System32\KERNEL32.DLL
0x00007ffbd3480000 - 0x00007ffbd3823000 	C:\WINDOWS\System32\KERNELBASE.dll
0x00007ffbd3ae0000 - 0x00007ffbd3bf1000 	C:\WINDOWS\System32\ucrtbase.dll
0x00007ffba57b0000 - 0x00007ffba57c8000 	C:\Program Files\Java\jdk-17\bin\jli.dll
0x00007ffbd53b0000 - 0x00007ffbd545e000 	C:\WINDOWS\System32\ADVAPI32.dll
0x00007ffbd5140000 - 0x00007ffbd51e7000 	C:\WINDOWS\System32\msvcrt.dll
0x00007ffbd5e00000 - 0x00007ffbd5ea4000 	C:\WINDOWS\System32\sechost.dll
0x00007ffbd3f50000 - 0x00007ffbd4067000 	C:\WINDOWS\System32\RPCRT4.dll
0x00007ffbd4070000 - 0x00007ffbd421b000 	C:\WINDOWS\System32\USER32.dll
0x00007ffbd3d20000 - 0x00007ffbd3d46000 	C:\WINDOWS\System32\win32u.dll
0x00007ffbd4260000 - 0x00007ffbd4289000 	C:\WINDOWS\System32\GDI32.dll
0x00007ffbd3c00000 - 0x00007ffbd3d18000 	C:\WINDOWS\System32\gdi32full.dll
0x00007ffbd33e0000 - 0x00007ffbd347a000 	C:\WINDOWS\System32\msvcp_win.dll
0x00007ffbcca00000 - 0x00007ffbcca1b000 	C:\Program Files\Java\jdk-17\bin\VCRUNTIME140.dll
0x00007ffbc4e40000 - 0x00007ffbc50ce000 	C:\WINDOWS\WinSxS\amd64_microsoft.windows.common-controls_6595b64144ccf1df_6.0.22621.1635_none_270f70857386168e\COMCTL32.dll
0x00007ffbcee10000 - 0x00007ffbcee1a000 	C:\WINDOWS\SYSTEM32\VERSION.dll
0x00007ffbd4220000 - 0x00007ffbd4251000 	C:\WINDOWS\System32\IMM32.DLL
0x00007ffbcc9f0000 - 0x00007ffbcc9fc000 	C:\Program Files\Java\jdk-17\bin\vcruntime140_1.dll
0x00007ffba5720000 - 0x00007ffba57ae000 	C:\Program Files\Java\jdk-17\bin\msvcp140.dll
0x00007ffb004a0000 - 0x00007ffb01077000 	C:\Program Files\Java\jdk-17\bin\server\jvm.dll
0x00007ffbd5d50000 - 0x00007ffbd5d58000 	C:\WINDOWS\System32\PSAPI.DLL
0x00007ffbc1cf0000 - 0x00007ffbc1cf9000 	C:\WINDOWS\SYSTEM32\WSOCK32.dll
0x00007ffbd5940000 - 0x00007ffbd59b1000 	C:\WINDOWS\System32\WS2_32.dll
0x00007ffbcef10000 - 0x00007ffbcef44000 	C:\WINDOWS\SYSTEM32\WINMM.dll
0x00007ffbd24b0000 - 0x00007ffbd24c8000 	C:\WINDOWS\SYSTEM32\kernel.appcore.dll
0x00007ffbb8e80000 - 0x00007ffbb8e8a000 	C:\Program Files\Java\jdk-17\bin\jimage.dll
0x00007ffbd0cf0000 - 0x00007ffbd0f1e000 	C:\WINDOWS\SYSTEM32\DBGHELP.DLL
0x00007ffbd59c0000 - 0x00007ffbd5d49000 	C:\WINDOWS\System32\combase.dll
0x00007ffbd3d50000 - 0x00007ffbd3e27000 	C:\WINDOWS\System32\OLEAUT32.dll
0x00007ffbcb8e0000 - 0x00007ffbcb912000 	C:\WINDOWS\SYSTEM32\dbgcore.DLL
0x00007ffbd38f0000 - 0x00007ffbd396b000 	C:\WINDOWS\System32\bcryptPrimitives.dll
0x00007ffb942f0000 - 0x00007ffb94315000 	C:\Program Files\Java\jdk-17\bin\java.dll
0x00007ffb884d0000 - 0x00007ffb885a7000 	C:\Program Files\Java\jdk-17\bin\jsvml.dll
0x00007ffbd46a0000 - 0x00007ffbd4e9a000 	C:\WINDOWS\System32\SHELL32.dll
0x00007ffbd1380000 - 0x00007ffbd1c4e000 	C:\WINDOWS\SYSTEM32\windows.storage.dll
0x00007ffbd1240000 - 0x00007ffbd137e000 	C:\WINDOWS\SYSTEM32\wintypes.dll
0x00007ffbd4ea0000 - 0x00007ffbd4f91000 	C:\WINDOWS\System32\SHCORE.dll
0x00007ffbd5eb0000 - 0x00007ffbd5f0e000 	C:\WINDOWS\System32\shlwapi.dll
0x00007ffbd32a0000 - 0x00007ffbd32c1000 	C:\WINDOWS\SYSTEM32\profapi.dll
0x00007ffba55a0000 - 0x00007ffba55b9000 	C:\Program Files\Java\jdk-17\bin\net.dll
0x00007ffbceb40000 - 0x00007ffbcec77000 	C:\WINDOWS\SYSTEM32\WINHTTP.dll
0x00007ffbd2920000 - 0x00007ffbd2989000 	C:\WINDOWS\system32\mswsock.dll
0x00007ffb93f80000 - 0x00007ffb93f96000 	C:\Program Files\Java\jdk-17\bin\nio.dll
0x00007ffb8d770000 - 0x00007ffb8d788000 	C:\Program Files\Java\jdk-17\bin\zip.dll
0x00000197bf3a0000 - 0x00000197bf3a3000 	E:\Java 17.01\javafx-sdk-17.0.0.1\bin\api-ms-win-core-console-l1-1-0.dll
0x00000197bf3b0000 - 0x00000197bf3b3000 	E:\Java 17.01\javafx-sdk-17.0.0.1\bin\api-ms-win-core-console-l1-2-0.dll
0x00000197bf3c0000 - 0x00000197bf3c3000 	E:\Java 17.01\javafx-sdk-17.0.0.1\bin\api-ms-win-core-datetime-l1-1-0.dll
0x00000197bf3d0000 - 0x00000197bf3d3000 	E:\Java 17.01\javafx-sdk-17.0.0.1\bin\api-ms-win-core-debug-l1-1-0.dll
0x00000197bf3e0000 - 0x00000197bf3e3000 	E:\Java 17.01\javafx-sdk-17.0.0.1\bin\api-ms-win-core-errorhandling-l1-1-0.dll
0x00000197bf3f0000 - 0x00000197bf3f4000 	E:\Java 17.01\javafx-sdk-17.0.0.1\bin\api-ms-win-core-file-l1-1-0.dll
0x00000197c17d0000 - 0x00000197c17d3000 	E:\Java 17.01\javafx-sdk-17.0.0.1\bin\api-ms-win-core-file-l1-2-0.dll
0x00000197c17e0000 - 0x00000197c17e3000 	E:\Java 17.01\javafx-sdk-17.0.0.1\bin\api-ms-win-core-file-l2-1-0.dll
0x00000197c17f0000 - 0x00000197c17f3000 	E:\Java 17.01\javafx-sdk-17.0.0.1\bin\api-ms-win-core-handle-l1-1-0.dll
0x00000197c1800000 - 0x00000197c1803000 	E:\Java 17.01\javafx-sdk-17.0.0.1\bin\api-ms-win-core-heap-l1-1-0.dll
0x00000197c1810000 - 0x00000197c1813000 	E:\Java 17.01\javafx-sdk-17.0.0.1\bin\api-ms-win-core-interlocked-l1-1-0.dll
0x00000197c1820000 - 0x00000197c1823000 	E:\Java 17.01\javafx-sdk-17.0.0.1\bin\api-ms-win-core-libraryloader-l1-1-0.dll
0x00000197c1830000 - 0x00000197c1833000 	E:\Java 17.01\javafx-sdk-17.0.0.1\bin\api-ms-win-core-localization-l1-2-0.dll
0x00000197c1840000 - 0x00000197c1843000 	E:\Java 17.01\javafx-sdk-17.0.0.1\bin\api-ms-win-core-memory-l1-1-0.dll
0x00000197c1850000 - 0x00000197c1853000 	E:\Java 17.01\javafx-sdk-17.0.0.1\bin\api-ms-win-core-namedpipe-l1-1-0.dll
0x00000197c1860000 - 0x00000197c1863000 	E:\Java 17.01\javafx-sdk-17.0.0.1\bin\api-ms-win-core-processenvironment-l1-1-0.dll
0x00000197c1870000 - 0x00000197c1873000 	E:\Java 17.01\javafx-sdk-17.0.0.1\bin\api-ms-win-core-processthreads-l1-1-0.dll
0x00000197c1880000 - 0x00000197c1883000 	E:\Java 17.01\javafx-sdk-17.0.0.1\bin\api-ms-win-core-processthreads-l1-1-1.dll
0x00000197c1890000 - 0x00000197c1893000 	E:\Java 17.01\javafx-sdk-17.0.0.1\bin\api-ms-win-core-profile-l1-1-0.dll
0x00000197c18a0000 - 0x00000197c18a3000 	E:\Java 17.01\javafx-sdk-17.0.0.1\bin\api-ms-win-core-rtlsupport-l1-1-0.dll
0x00000197c18b0000 - 0x00000197c18b3000 	E:\Java 17.01\javafx-sdk-17.0.0.1\bin\api-ms-win-core-string-l1-1-0.dll
0x00000197c18c0000 - 0x00000197c18c3000 	E:\Java 17.01\javafx-sdk-17.0.0.1\bin\api-ms-win-core-synch-l1-1-0.dll
0x00000197c18d0000 - 0x00000197c18d3000 	E:\Java 17.01\javafx-sdk-17.0.0.1\bin\api-ms-win-core-synch-l1-2-0.dll
0x00000197c18e0000 - 0x00000197c18e3000 	E:\Java 17.01\javafx-sdk-17.0.0.1\bin\api-ms-win-core-sysinfo-l1-1-0.dll
0x00000197c18f0000 - 0x00000197c18f3000 	E:\Java 17.01\javafx-sdk-17.0.0.1\bin\api-ms-win-core-timezone-l1-1-0.dll
0x00000197c1900000 - 0x00000197c1903000 	E:\Java 17.01\javafx-sdk-17.0.0.1\bin\api-ms-win-core-util-l1-1-0.dll
0x00000197c1910000 - 0x00000197c1913000 	E:\Java 17.01\javafx-sdk-17.0.0.1\bin\api-ms-win-crt-conio-l1-1-0.dll
0x00000197c1920000 - 0x00000197c1924000 	E:\Java 17.01\javafx-sdk-17.0.0.1\bin\api-ms-win-crt-convert-l1-1-0.dll
0x00000197c1930000 - 0x00000197c1933000 	E:\Java 17.01\javafx-sdk-17.0.0.1\bin\api-ms-win-crt-environment-l1-1-0.dll
0x00000197c1940000 - 0x00000197c1943000 	E:\Java 17.01\javafx-sdk-17.0.0.1\bin\api-ms-win-crt-filesystem-l1-1-0.dll
0x00000197c1950000 - 0x00000197c1953000 	E:\Java 17.01\javafx-sdk-17.0.0.1\bin\api-ms-win-crt-heap-l1-1-0.dll
0x00000197c1960000 - 0x00000197c1963000 	E:\Java 17.01\javafx-sdk-17.0.0.1\bin\api-ms-win-crt-locale-l1-1-0.dll
0x00000197c1970000 - 0x00000197c1975000 	E:\Java 17.01\javafx-sdk-17.0.0.1\bin\api-ms-win-crt-math-l1-1-0.dll
0x00000197c1980000 - 0x00000197c1985000 	E:\Java 17.01\javafx-sdk-17.0.0.1\bin\api-ms-win-crt-multibyte-l1-1-0.dll
0x00000197c1990000 - 0x00000197c19a0000 	E:\Java 17.01\javafx-sdk-17.0.0.1\bin\api-ms-win-crt-private-l1-1-0.dll
0x00000197c19a0000 - 0x00000197c19a3000 	E:\Java 17.01\javafx-sdk-17.0.0.1\bin\api-ms-win-crt-process-l1-1-0.dll
0x00000197c19b0000 - 0x00000197c19b4000 	E:\Java 17.01\javafx-sdk-17.0.0.1\bin\api-ms-win-crt-runtime-l1-1-0.dll
0x00000197c19c0000 - 0x00000197c19c4000 	E:\Java 17.01\javafx-sdk-17.0.0.1\bin\api-ms-win-crt-stdio-l1-1-0.dll
0x00000197c19d0000 - 0x00000197c19d4000 	E:\Java 17.01\javafx-sdk-17.0.0.1\bin\api-ms-win-crt-string-l1-1-0.dll
0x00000197c19e0000 - 0x00000197c19e3000 	E:\Java 17.01\javafx-sdk-17.0.0.1\bin\api-ms-win-crt-time-l1-1-0.dll
0x00000197c19f0000 - 0x00000197c19f3000 	E:\Java 17.01\javafx-sdk-17.0.0.1\bin\api-ms-win-crt-utility-l1-1-0.dll
0x00007ffba5c40000 - 0x00007ffba5d3c000 	E:\Java 17.01\javafx-sdk-17.0.0.1\bin\ucrtbase.dll
0x00007ffbcaa70000 - 0x00007ffbcaa8a000 	E:\Java 17.01\javafx-sdk-17.0.0.1\bin\vcruntime140.dll
0x00007ffbcef80000 - 0x00007ffbcef8c000 	E:\Java 17.01\javafx-sdk-17.0.0.1\bin\vcruntime140_1.dll
0x00007ffba6080000 - 0x00007ffba610d000 	E:\Java 17.01\javafx-sdk-17.0.0.1\bin\msvcp140.dll
0x00007ffbc9d90000 - 0x00007ffbc9dba000 	E:\Java 17.01\javafx-sdk-17.0.0.1\bin\prism_d3d.dll
0x00007ffba5040000 - 0x00007ffba51e9000 	C:\WINDOWS\system32\d3d9.dll
0x00007ffbd0930000 - 0x00007ffbd095b000 	C:\WINDOWS\SYSTEM32\dwmapi.dll
0x00007ffbd0600000 - 0x00007ffbd0636000 	C:\WINDOWS\SYSTEM32\dxcore.dll
0x00007ffbd0520000 - 0x00007ffbd05cb000 	C:\WINDOWS\system32\uxtheme.dll
0x00007ffb401b0000 - 0x00007ffb40315000 	C:\WINDOWS\System32\DriverStore\FileRepository\iigd_dch.inf_amd64_0a2eb8dac923ec42\igdumdim64.dll
0x00007ffbd4310000 - 0x00007ffbd44ac000 	C:\WINDOWS\System32\ole32.dll
0x00007ffb3c550000 - 0x00007ffb401a6000 	C:\WINDOWS\System32\DriverStore\FileRepository\iigd_dch.inf_amd64_0a2eb8dac923ec42\igd9dxva64.dll
0x00007ffbd5470000 - 0x00007ffbd58e4000 	C:\WINDOWS\System32\SETUPAPI.dll
0x00007ffbd3040000 - 0x00007ffbd308e000 	C:\WINDOWS\SYSTEM32\cfgmgr32.dll
0x00007ffbac3d0000 - 0x00007ffbac791000 	C:\WINDOWS\System32\DriverStore\FileRepository\iigd_dch.inf_amd64_0a2eb8dac923ec42\igdgmm64.dll
0x00007ffbb0450000 - 0x00007ffbb0498000 	C:\WINDOWS\SYSTEM32\directxdatabasehelper.dll
0x00007ffb94150000 - 0x00007ffb94192000 	E:\Java 17.01\javafx-sdk-17.0.0.1\bin\glass.dll
0x00007ffbd4fc0000 - 0x00007ffbd50b7000 	C:\WINDOWS\System32\COMDLG32.dll
0x00007ffbd3e30000 - 0x00007ffbd3f4e000 	C:\WINDOWS\System32\MSCTF.dll
0x00007ffb6be80000 - 0x00007ffb6bea7000 	C:\WINDOWS\System32\DriverStore\FileRepository\iigd_dch.inf_amd64_0a2eb8dac923ec42\igdinfo64.dll
0x00007ffba8f20000 - 0x00007ffbac126000 	C:\WINDOWS\System32\DriverStore\FileRepository\iigd_dch.inf_amd64_0a2eb8dac923ec42\igc64.dll
0x00007ffbc9d70000 - 0x00007ffbc9d84000 	E:\Java 17.01\javafx-sdk-17.0.0.1\bin\javafx_font.dll
0x00007ffbcd5a0000 - 0x00007ffbcd807000 	C:\WINDOWS\SYSTEM32\dwrite.dll
0x00007ffbd44c0000 - 0x00007ffbd4570000 	C:\WINDOWS\System32\clbcatq.dll
0x00007ffbd02b0000 - 0x00007ffbd0460000 	C:\WINDOWS\SYSTEM32\WindowsCodecs.dll
0x00007ffb89c20000 - 0x00007ffb89c7e000 	C:\WINDOWS\system32\dataexchange.dll
0x00007ffbccea0000 - 0x00007ffbcd117000 	C:\WINDOWS\system32\twinapi.appcore.dll
0x00007ffba5c00000 - 0x00007ffba5c32000 	C:\Program Files\Common Files\Microsoft Shared\Ink\rtscom.dll
0x00007ffbb0c20000 - 0x00007ffbb0d4d000 	C:\WINDOWS\SYSTEM32\textinputframework.dll
0x00007ffbce840000 - 0x00007ffbce973000 	C:\WINDOWS\SYSTEM32\CoreMessaging.dll
0x00007ffbafd60000 - 0x00007ffbb00cc000 	C:\WINDOWS\SYSTEM32\CoreUIComponents.dll
0x00007ffbd2ba0000 - 0x00007ffbd2bac000 	C:\WINDOWS\SYSTEM32\CRYPTBASE.DLL
0x00007ffbcfc00000 - 0x00007ffbcfd00000 	C:\WINDOWS\SYSTEM32\PROPSYS.dll
0x00007ffba6e30000 - 0x00007ffba6fec000 	C:\WINDOWS\SYSTEM32\DUI70.dll
0x00007ffbbf140000 - 0x00007ffbbf1d9000 	C:\WINDOWS\SYSTEM32\DUser.dll
0x00007ffba80c0000 - 0x00007ffba8160000 	C:\Program Files\Common Files\microsoft shared\ink\tiptsf.dll
0x00007ffba8230000 - 0x00007ffba82e0000 	C:\WINDOWS\SYSTEM32\TextShaping.dll
0x00007ffbc2df0000 - 0x00007ffbc2e18000 	C:\WINDOWS\SYSTEM32\edputil.dll
0x00007ffb85d70000 - 0x00007ffb86004000 	C:\WINDOWS\system32\explorerframe.dll
0x00007ffbbec30000 - 0x00007ffbbec99000 	C:\Windows\System32\oleacc.dll
0x00007ffb89b50000 - 0x00007ffb89bbe000 	C:\Windows\System32\thumbcache.dll

dbghelp: loaded successfully - version: 4.0.5 - missing functions: none
symbol engine: initialized successfully - sym options: 0x614 - pdb path: .;C:\Program Files\Java\jdk-17\bin;C:\WINDOWS\SYSTEM32;C:\WINDOWS\WinSxS\amd64_microsoft.windows.common-controls_6595b64144ccf1df_6.0.22621.1635_none_270f70857386168e;C:\Program Files\Java\jdk-17\bin\server;E:\Java 17.01\javafx-sdk-17.0.0.1\bin;C:\WINDOWS\System32\DriverStore\FileRepository\iigd_dch.inf_amd64_0a2eb8dac923ec42;C:\Program Files\Common Files\Microsoft Shared\Ink;C:\WINDOWS\WinSxS\amd64_microsoft.windows.gdiplus_6595b64144ccf1df_1.1.22621.1635_none_57fa636ace18905c;C:\Users\ASUS\AppData\Local\Microsoft\OneDrive\23.081.0416.0001;C:\Program Files\Google\Drive File Stream\74.0.3.0;C:\Program Files (x86)\Common Files\Adobe\CoreSyncExtension

VM Arguments:
jvm_args: --module-path=E:\Java 17.01\javafx-sdk-17.0.0.1\lib --add-modules=javafx.controls,javafx.fxml -Dfile.encoding=UTF-8 --module-path=C:\Users\ASUS\.p2\pool\plugins\org.eclipse.fx.ide.css.jfx8_3.8.0.202204150904.jar;E:\Java 17.01\javafx-sdk-17.0.0.1\lib\javafx.base.jar;E:\Java 17.01\javafx-sdk-17.0.0.1\lib\javafx.controls.jar;E:\Java 17.01\javafx-sdk-17.0.0.1\lib\javafx.fxml.jar;E:\Java 17.01\javafx-sdk-17.0.0.1\lib\javafx.graphics.jar;E:\Java 17.01\javafx-sdk-17.0.0.1\lib\javafx.media.jar;E:\Java 17.01\javafx-sdk-17.0.0.1\lib\javafx.swing.jar;E:\Java 17.01\javafx-sdk-17.0.0.1\lib\javafx.web.jar;E:\Java 17.01\javafx-sdk-17.0.0.1\lib\javafx-swt.jar -XX:+ShowCodeDetailsInExceptionMessages 
java_command: Martyrs.Driver
java_class_path (initial): C:\Users\ASUS\Desktop\university\2year\Second semester\COMP242\Projects\Project 1\First Project\Martyrs_information\bin
Launcher Type: SUN_STANDARD

[Global flags]
     intx CICompilerCount                          = 4                                         {product} {ergonomic}
     uint ConcGCThreads                            = 2                                         {product} {ergonomic}
     uint G1ConcRefinementThreads                  = 8                                         {product} {ergonomic}
   size_t G1HeapRegionSize                         = 2097152                                   {product} {ergonomic}
    uintx GCDrainStackTargetSize                   = 64                                        {product} {ergonomic}
   size_t InitialHeapSize                          = 197132288                                 {product} {ergonomic}
   size_t MarkStackSize                            = 4194304                                   {product} {ergonomic}
   size_t MaxHeapSize                              = 3154116608                                {product} {ergonomic}
   size_t MaxNewSize                               = 1891631104                                {product} {ergonomic}
   size_t MinHeapDeltaBytes                        = 2097152                                   {product} {ergonomic}
   size_t MinHeapSize                              = 8388608                                   {product} {ergonomic}
    uintx NonNMethodCodeHeapSize                   = 5839372                                {pd product} {ergonomic}
    uintx NonProfiledCodeHeapSize                  = 122909434                              {pd product} {ergonomic}
    uintx ProfiledCodeHeapSize                     = 122909434                              {pd product} {ergonomic}
    uintx ReservedCodeCacheSize                    = 251658240                              {pd product} {ergonomic}
     bool SegmentedCodeCache                       = true                                      {product} {ergonomic}
     bool ShowCodeDetailsInExceptionMessages       = true                                   {manageable} {command line}
   size_t SoftMaxHeapSize                          = 3154116608                             {manageable} {ergonomic}
     bool UseCompressedClassPointers               = true                           {product lp64_product} {ergonomic}
     bool UseCompressedOops                        = true                           {product lp64_product} {ergonomic}
     bool UseG1GC                                  = true                                      {product} {ergonomic}
     bool UseLargePagesIndividualAllocation        = false                                  {pd product} {ergonomic}

Logging:
Log output configuration:
 #0: stdout all=warning uptime,level,tags
 #1: stderr all=off uptime,level,tags

Environment Variables:
JAVA_HOME=C:\Program Files\Java\jdk-17
PATH=C:\Program Files\Java\jdk-17\bin;C:\Program Files\Microsoft MPI\Bin\;C:\Program Files\Common Files\Oracle\Java\javapath;C:\Program Files (x86)\Common Files\Oracle\Java\javapath;C:\Windows\system32;C:\Windows;C:\Windows\System32\Wbem;C:\Windows\System32\WindowsPowerShell\v1.0\;C:\Windows\System32\OpenSSH\;C:\Program Files\NVIDIA Corporation\NVIDIA NvDLISR;C:\Program Files\Git\cmd;C:\WINDOWS\system32;C:\WINDOWS;C:\WINDOWS\System32\Wbem;C:\WINDOWS\System32\WindowsPowerShell\v1.0\;C:\WINDOWS\System32\OpenSSH\;C:\Program Files\Microsoft SQL Server\150\Tools\Binn\;e:\quartus\quartus\bin;C:\WINDOWS\system32;C:\WINDOWS;C:\WINDOWS\System32\Wbem;C:\WINDOWS\System32\WindowsPowerShell\v1.0\;C:\WINDOWS\System32\OpenSSH\;C:\Program Files (x86)\Microsoft SQL Server\160\Tools\Binn\;C:\Program Files\Microsoft SQL Server\160\Tools\Binn\;C:\Program Files\Microsoft SQL Server\Client SDK\ODBC\170\Tools\Binn\;C:\Program Files\Microsoft SQL Server\160\DTS\Binn\;C:\Program Files (x86)\Microsoft SQL Server\150\DTS\Binn\;C:\Program Files\dotnet\;C:\Users\ASUS\AppData\Local\Programs\Python\Python310\Scripts\;C:\Users\ASUS\AppData\Local\Programs\Python\Python310\;C:\Users\ASUS\AppData\Local\Microsoft\WindowsApps;C:\Program Files\JetBrains\PyCharm Community Edition 2021.2.2\bin;;C:\Program Files\JetBrains\IntelliJ IDEA Community Edition 2022.3.3\bin;;C:\src\flutter\bin;C:\Program Files\Java\jdk-17.0.1\bin;C:\Users\ASUS\AppData\Local\Programs\Microsoft VS Code\bin;C:\Program Files\JetBrains\IntelliJ IDEA 2022.3.3\bin;;C:\Users\ASUS\AppData\Local\GitHubDesktop\bin;C:\Users\ASUS\.dotnet\tools;C:\ProgramData\Microsoft\Windows\Start Menu\Programs\Oracle VM VirtualBox;
USERNAME=ASUS
OS=Windows_NT
PROCESSOR_IDENTIFIER=Intel64 Family 6 Model 126 Stepping 5, GenuineIntel



---------------  S Y S T E M  ---------------

OS:
 Windows 11 , 64 bit Build 22621 (10.0.22621.1635)
OS uptime: 1 days 8:09 hours

CPU: total 8 (initial active 8) (4 cores per cpu, 2 threads per core) family 6 model 126 stepping 5 microcode 0xa0, cx8, cmov, fxsr, ht, mmx, 3dnowpref, sse, sse2, sse3, ssse3, sse4.1, sse4.2, popcnt, lzcnt, tsc, tscinvbit, avx, avx2, aes, erms, clmul, bmi1, bmi2, adx, avx512f, avx512dq, avx512cd, avx512bw, avx512vl, sha, fma, vzeroupper, avx512_vpopcntdq, avx512_vpclmulqdq, avx512_vaes, avx512_vnni, clflush, clflushopt, avx512_vbmi2, avx512_vbmi

Memory: 4k page, system-wide physical 12026M (194M free)
TotalPageFile size 22299M (AvailPageFile size 612M)
current process WorkingSet (physical memory assigned to process): 565M, peak: 565M
current process commit charge ("private bytes"): 661M, peak: 1419M

vm_info: Java HotSpot(TM) 64-Bit Server VM (17.0.6+9-LTS-190) for windows-amd64 JRE (17.0.6+9-LTS-190), built on Dec  6 2022 15:53:54 by "mach5one" with MS VC++ 17.1 (VS2022)

END.
